[root|INFO] 2019-07-11 15:09:56,310 > [37mRead Success![0m
[root|INFO] 2019-07-11 15:23:02,950 > [37mRead Success![0m
[root|INFO] 2019-07-11 15:24:14,902 > [37mRead Success![0m
[root|INFO] 2019-07-11 15:24:31,744 > [37mOptimization Finished![0m
[root|INFO] 2019-07-11 15:24:31,744 > [37mTotal time elapsed: 16.8418s[0m
[root|INFO] 2019-07-11 15:26:15,256 > [37mRead Success![0m
[root|INFO] 2019-07-11 15:26:16,341 > [37mOptimization Finished![0m
[root|INFO] 2019-07-11 15:26:16,341 > [37mTotal time elapsed: 1.0845s[0m
[root|INFO] 2019-07-11 15:26:16,353 > [37mdone[0m
[root|INFO] 2019-07-11 15:38:43,900 > [37mRead Success![0m
[root|INFO] 2019-07-11 15:38:44,184 > [37mEpoch 0 | Loss 1.9569[0m
[root|INFO] 2019-07-11 15:38:44,210 > [37mepoch : 0 || loss_val : 1.8533 || Accuracy: 0.5714[0m
[root|INFO] 2019-07-11 15:38:44,221 > [37mEpoch 1 | Loss 1.8517[0m
[root|INFO] 2019-07-11 15:38:44,229 > [37mepoch : 1 || loss_val : 1.7407 || Accuracy: 0.7429[0m
[root|INFO] 2019-07-11 15:38:44,246 > [37mEpoch 2 | Loss 1.7409[0m
[root|INFO] 2019-07-11 15:38:44,255 > [37mepoch : 2 || loss_val : 1.6113 || Accuracy: 0.7714[0m
[root|INFO] 2019-07-11 15:38:44,265 > [37mEpoch 3 | Loss 1.6025[0m
[root|INFO] 2019-07-11 15:38:44,274 > [37mepoch : 3 || loss_val : 1.4788 || Accuracy: 0.7929[0m
[root|INFO] 2019-07-11 15:38:44,285 > [37mEpoch 4 | Loss 1.4916[0m
[root|INFO] 2019-07-11 15:38:44,293 > [37mepoch : 4 || loss_val : 1.3536 || Accuracy: 0.8143[0m
[root|INFO] 2019-07-11 15:38:44,304 > [37mEpoch 5 | Loss 1.3662[0m
[root|INFO] 2019-07-11 15:38:44,315 > [37mepoch : 5 || loss_val : 1.2308 || Accuracy: 0.8643[0m
[root|INFO] 2019-07-11 15:38:44,327 > [37mEpoch 6 | Loss 1.2514[0m
[root|INFO] 2019-07-11 15:38:44,335 > [37mepoch : 6 || loss_val : 1.1095 || Accuracy: 0.8929[0m
[root|INFO] 2019-07-11 15:38:44,345 > [37mEpoch 7 | Loss 1.1258[0m
[root|INFO] 2019-07-11 15:38:44,353 > [37mepoch : 7 || loss_val : 0.9918 || Accuracy: 0.9429[0m
[root|INFO] 2019-07-11 15:38:44,363 > [37mEpoch 8 | Loss 1.0486[0m
[root|INFO] 2019-07-11 15:38:44,371 > [37mepoch : 8 || loss_val : 0.8810 || Accuracy: 0.9643[0m
[root|INFO] 2019-07-11 15:38:44,380 > [37mEpoch 9 | Loss 0.9408[0m
[root|INFO] 2019-07-11 15:38:44,388 > [37mepoch : 9 || loss_val : 0.7794 || Accuracy: 0.9643[0m
[root|INFO] 2019-07-11 15:38:44,397 > [37mEpoch 10 | Loss 0.8294[0m
[root|INFO] 2019-07-11 15:38:44,405 > [37mepoch : 10 || loss_val : 0.6865 || Accuracy: 0.9714[0m
[root|INFO] 2019-07-11 15:38:44,415 > [37mEpoch 11 | Loss 0.7726[0m
[root|INFO] 2019-07-11 15:38:44,423 > [37mepoch : 11 || loss_val : 0.6005 || Accuracy: 0.9786[0m
[root|INFO] 2019-07-11 15:38:44,432 > [37mEpoch 12 | Loss 0.6602[0m
[root|INFO] 2019-07-11 15:38:44,440 > [37mepoch : 12 || loss_val : 0.5215 || Accuracy: 0.9786[0m
[root|INFO] 2019-07-11 15:38:44,450 > [37mEpoch 13 | Loss 0.6012[0m
[root|INFO] 2019-07-11 15:38:44,457 > [37mepoch : 13 || loss_val : 0.4504 || Accuracy: 0.9786[0m
[root|INFO] 2019-07-11 15:38:44,467 > [37mEpoch 14 | Loss 0.5451[0m
[root|INFO] 2019-07-11 15:38:44,475 > [37mepoch : 14 || loss_val : 0.3878 || Accuracy: 0.9857[0m
[root|INFO] 2019-07-11 15:38:44,484 > [37mEpoch 15 | Loss 0.4776[0m
[root|INFO] 2019-07-11 15:38:44,492 > [37mepoch : 15 || loss_val : 0.3333 || Accuracy: 0.9857[0m
[root|INFO] 2019-07-11 15:38:44,502 > [37mEpoch 16 | Loss 0.3937[0m
[root|INFO] 2019-07-11 15:38:44,509 > [37mepoch : 16 || loss_val : 0.2862 || Accuracy: 0.9857[0m
[root|INFO] 2019-07-11 15:38:44,519 > [37mEpoch 17 | Loss 0.3234[0m
[root|INFO] 2019-07-11 15:38:44,527 > [37mepoch : 17 || loss_val : 0.2460 || Accuracy: 0.9857[0m
[root|INFO] 2019-07-11 15:38:44,536 > [37mEpoch 18 | Loss 0.3259[0m
[root|INFO] 2019-07-11 15:38:44,544 > [37mepoch : 18 || loss_val : 0.2116 || Accuracy: 0.9857[0m
[root|INFO] 2019-07-11 15:38:44,554 > [37mEpoch 19 | Loss 0.2906[0m
[root|INFO] 2019-07-11 15:38:44,562 > [37mepoch : 19 || loss_val : 0.1821 || Accuracy: 0.9857[0m
[root|INFO] 2019-07-11 15:38:44,572 > [37mEpoch 20 | Loss 0.2468[0m
[root|INFO] 2019-07-11 15:38:44,579 > [37mepoch : 20 || loss_val : 0.1567 || Accuracy: 0.9857[0m
[root|INFO] 2019-07-11 15:38:44,589 > [37mEpoch 21 | Loss 0.2407[0m
[root|INFO] 2019-07-11 15:38:44,597 > [37mepoch : 21 || loss_val : 0.1349 || Accuracy: 0.9857[0m
[root|INFO] 2019-07-11 15:38:44,607 > [37mEpoch 22 | Loss 0.2219[0m
[root|INFO] 2019-07-11 15:38:44,614 > [37mepoch : 22 || loss_val : 0.1164 || Accuracy: 0.9929[0m
[root|INFO] 2019-07-11 15:38:44,624 > [37mEpoch 23 | Loss 0.2059[0m
[root|INFO] 2019-07-11 15:38:44,632 > [37mepoch : 23 || loss_val : 0.1005 || Accuracy: 1.0000[0m
[root|INFO] 2019-07-11 15:38:44,641 > [37mEpoch 24 | Loss 0.1870[0m
[root|INFO] 2019-07-11 15:38:44,649 > [37mepoch : 24 || loss_val : 0.0872 || Accuracy: 1.0000[0m
[root|INFO] 2019-07-11 15:38:44,659 > [37mEpoch 25 | Loss 0.1654[0m
[root|INFO] 2019-07-11 15:38:44,666 > [37mepoch : 25 || loss_val : 0.0761 || Accuracy: 1.0000[0m
[root|INFO] 2019-07-11 15:38:44,676 > [37mEpoch 26 | Loss 0.1204[0m
[root|INFO] 2019-07-11 15:38:44,684 > [37mepoch : 26 || loss_val : 0.0669 || Accuracy: 1.0000[0m
[root|INFO] 2019-07-11 15:38:44,693 > [37mEpoch 27 | Loss 0.1177[0m
[root|INFO] 2019-07-11 15:38:44,701 > [37mepoch : 27 || loss_val : 0.0594 || Accuracy: 1.0000[0m
[root|INFO] 2019-07-11 15:38:44,711 > [37mEpoch 28 | Loss 0.1198[0m
[root|INFO] 2019-07-11 15:38:44,718 > [37mepoch : 28 || loss_val : 0.0531 || Accuracy: 1.0000[0m
[root|INFO] 2019-07-11 15:38:44,728 > [37mEpoch 29 | Loss 0.1137[0m
[root|INFO] 2019-07-11 15:38:44,736 > [37mepoch : 29 || loss_val : 0.0478 || Accuracy: 1.0000[0m
[root|INFO] 2019-07-11 15:38:44,746 > [37mEpoch 30 | Loss 0.1050[0m
[root|INFO] 2019-07-11 15:38:44,753 > [37mepoch : 30 || loss_val : 0.0427 || Accuracy: 1.0000[0m
[root|INFO] 2019-07-11 15:38:44,763 > [37mEpoch 31 | Loss 0.1110[0m
[root|INFO] 2019-07-11 15:38:44,771 > [37mepoch : 31 || loss_val : 0.0383 || Accuracy: 1.0000[0m
[root|INFO] 2019-07-11 15:38:44,781 > [37mEpoch 32 | Loss 0.1047[0m
[root|INFO] 2019-07-11 15:38:44,789 > [37mepoch : 32 || loss_val : 0.0344 || Accuracy: 1.0000[0m
[root|INFO] 2019-07-11 15:38:44,799 > [37mEpoch 33 | Loss 0.0775[0m
[root|INFO] 2019-07-11 15:38:44,807 > [37mepoch : 33 || loss_val : 0.0312 || Accuracy: 1.0000[0m
[root|INFO] 2019-07-11 15:38:44,817 > [37mEpoch 34 | Loss 0.0588[0m
[root|INFO] 2019-07-11 15:38:44,824 > [37mepoch : 34 || loss_val : 0.0285 || Accuracy: 1.0000[0m
[root|INFO] 2019-07-11 15:38:44,835 > [37mEpoch 35 | Loss 0.0904[0m
[root|INFO] 2019-07-11 15:38:44,843 > [37mepoch : 35 || loss_val : 0.0263 || Accuracy: 1.0000[0m
[root|INFO] 2019-07-11 15:38:44,853 > [37mEpoch 36 | Loss 0.0580[0m
[root|INFO] 2019-07-11 15:38:44,861 > [37mepoch : 36 || loss_val : 0.0244 || Accuracy: 1.0000[0m
[root|INFO] 2019-07-11 15:38:44,870 > [37mEpoch 37 | Loss 0.0943[0m
[root|INFO] 2019-07-11 15:38:44,878 > [37mepoch : 37 || loss_val : 0.0229 || Accuracy: 1.0000[0m
[root|INFO] 2019-07-11 15:38:44,888 > [37mEpoch 38 | Loss 0.0559[0m
[root|INFO] 2019-07-11 15:38:44,896 > [37mepoch : 38 || loss_val : 0.0215 || Accuracy: 1.0000[0m
[root|INFO] 2019-07-11 15:38:44,906 > [37mEpoch 39 | Loss 0.0476[0m
[root|INFO] 2019-07-11 15:38:44,913 > [37mepoch : 39 || loss_val : 0.0202 || Accuracy: 1.0000[0m
[root|INFO] 2019-07-11 15:38:44,923 > [37mEpoch 40 | Loss 0.0683[0m
[root|INFO] 2019-07-11 15:38:44,931 > [37mepoch : 40 || loss_val : 0.0190 || Accuracy: 1.0000[0m
[root|INFO] 2019-07-11 15:38:44,941 > [37mEpoch 41 | Loss 0.0677[0m
[root|INFO] 2019-07-11 15:38:44,948 > [37mepoch : 41 || loss_val : 0.0179 || Accuracy: 1.0000[0m
[root|INFO] 2019-07-11 15:38:44,958 > [37mEpoch 42 | Loss 0.0590[0m
[root|INFO] 2019-07-11 15:38:44,966 > [37mepoch : 42 || loss_val : 0.0170 || Accuracy: 1.0000[0m
[root|INFO] 2019-07-11 15:38:44,976 > [37mEpoch 43 | Loss 0.0426[0m
[root|INFO] 2019-07-11 15:38:44,983 > [37mepoch : 43 || loss_val : 0.0161 || Accuracy: 1.0000[0m
[root|INFO] 2019-07-11 15:38:44,993 > [37mEpoch 44 | Loss 0.0515[0m
[root|INFO] 2019-07-11 15:38:45,001 > [37mepoch : 44 || loss_val : 0.0153 || Accuracy: 1.0000[0m
[root|INFO] 2019-07-11 15:38:45,011 > [37mEpoch 45 | Loss 0.0724[0m
[root|INFO] 2019-07-11 15:38:45,019 > [37mepoch : 45 || loss_val : 0.0146 || Accuracy: 1.0000[0m
[root|INFO] 2019-07-11 15:38:45,029 > [37mEpoch 46 | Loss 0.0475[0m
[root|INFO] 2019-07-11 15:38:45,036 > [37mepoch : 46 || loss_val : 0.0141 || Accuracy: 1.0000[0m
[root|INFO] 2019-07-11 15:38:45,046 > [37mEpoch 47 | Loss 0.0437[0m
[root|INFO] 2019-07-11 15:38:45,054 > [37mepoch : 47 || loss_val : 0.0136 || Accuracy: 1.0000[0m
[root|INFO] 2019-07-11 15:38:45,064 > [37mEpoch 48 | Loss 0.0550[0m
[root|INFO] 2019-07-11 15:38:45,071 > [37mepoch : 48 || loss_val : 0.0132 || Accuracy: 1.0000[0m
[root|INFO] 2019-07-11 15:38:45,081 > [37mEpoch 49 | Loss 0.0406[0m
[root|INFO] 2019-07-11 15:38:45,089 > [37mepoch : 49 || loss_val : 0.0128 || Accuracy: 1.0000[0m
[root|INFO] 2019-07-11 15:38:45,089 > [37mOptimization Finished![0m
[root|INFO] 2019-07-11 15:38:45,089 > [37mTotal time elapsed: 1.1885s[0m
[root|INFO] 2019-07-11 15:39:52,780 > [37mRead Success![0m
[root|INFO] 2019-07-11 15:39:53,054 > [37mEpoch 0 | Loss 1.9569[0m
[root|INFO] 2019-07-11 15:39:53,068 > [37mepoch : 0 || loss_val : 1.8533 || Accuracy: 0.5714[0m
[root|INFO] 2019-07-11 15:39:53,083 > [37mEpoch 1 | Loss 1.8517[0m
[root|INFO] 2019-07-11 15:39:53,090 > [37mepoch : 1 || loss_val : 1.7407 || Accuracy: 0.7429[0m
[root|INFO] 2019-07-11 15:39:53,099 > [37mEpoch 2 | Loss 1.7409[0m
[root|INFO] 2019-07-11 15:39:53,105 > [37mepoch : 2 || loss_val : 1.6113 || Accuracy: 0.7714[0m
[root|INFO] 2019-07-11 15:39:53,114 > [37mEpoch 3 | Loss 1.6025[0m
[root|INFO] 2019-07-11 15:39:53,120 > [37mepoch : 3 || loss_val : 1.4788 || Accuracy: 0.7929[0m
[root|INFO] 2019-07-11 15:39:53,129 > [37mEpoch 4 | Loss 1.4916[0m
[root|INFO] 2019-07-11 15:39:53,135 > [37mepoch : 4 || loss_val : 1.3536 || Accuracy: 0.8143[0m
[root|INFO] 2019-07-11 15:39:53,144 > [37mEpoch 5 | Loss 1.3662[0m
[root|INFO] 2019-07-11 15:39:53,151 > [37mepoch : 5 || loss_val : 1.2308 || Accuracy: 0.8643[0m
[root|INFO] 2019-07-11 15:39:53,160 > [37mEpoch 6 | Loss 1.2514[0m
[root|INFO] 2019-07-11 15:39:53,168 > [37mepoch : 6 || loss_val : 1.1095 || Accuracy: 0.8929[0m
[root|INFO] 2019-07-11 15:39:53,177 > [37mEpoch 7 | Loss 1.1258[0m
[root|INFO] 2019-07-11 15:39:53,184 > [37mepoch : 7 || loss_val : 0.9918 || Accuracy: 0.9429[0m
[root|INFO] 2019-07-11 15:39:53,193 > [37mEpoch 8 | Loss 1.0486[0m
[root|INFO] 2019-07-11 15:39:53,203 > [37mepoch : 8 || loss_val : 0.8810 || Accuracy: 0.9643[0m
[root|INFO] 2019-07-11 15:39:53,213 > [37mEpoch 9 | Loss 0.9408[0m
[root|INFO] 2019-07-11 15:39:53,219 > [37mepoch : 9 || loss_val : 0.7794 || Accuracy: 0.9643[0m
[root|INFO] 2019-07-11 15:39:53,228 > [37mEpoch 10 | Loss 0.8294[0m
[root|INFO] 2019-07-11 15:39:53,234 > [37mepoch : 10 || loss_val : 0.6865 || Accuracy: 0.9714[0m
[root|INFO] 2019-07-11 15:39:53,242 > [37mEpoch 11 | Loss 0.7726[0m
[root|INFO] 2019-07-11 15:39:53,248 > [37mepoch : 11 || loss_val : 0.6005 || Accuracy: 0.9786[0m
[root|INFO] 2019-07-11 15:39:53,257 > [37mEpoch 12 | Loss 0.6602[0m
[root|INFO] 2019-07-11 15:39:53,262 > [37mepoch : 12 || loss_val : 0.5215 || Accuracy: 0.9786[0m
[root|INFO] 2019-07-11 15:39:53,271 > [37mEpoch 13 | Loss 0.6012[0m
[root|INFO] 2019-07-11 15:39:53,277 > [37mepoch : 13 || loss_val : 0.4504 || Accuracy: 0.9786[0m
[root|INFO] 2019-07-11 15:39:53,285 > [37mEpoch 14 | Loss 0.5451[0m
[root|INFO] 2019-07-11 15:39:53,291 > [37mepoch : 14 || loss_val : 0.3878 || Accuracy: 0.9857[0m
[root|INFO] 2019-07-11 15:39:53,300 > [37mEpoch 15 | Loss 0.4776[0m
[root|INFO] 2019-07-11 15:39:53,306 > [37mepoch : 15 || loss_val : 0.3333 || Accuracy: 0.9857[0m
[root|INFO] 2019-07-11 15:39:53,314 > [37mEpoch 16 | Loss 0.3937[0m
[root|INFO] 2019-07-11 15:39:53,320 > [37mepoch : 16 || loss_val : 0.2862 || Accuracy: 0.9857[0m
[root|INFO] 2019-07-11 15:39:53,328 > [37mEpoch 17 | Loss 0.3234[0m
[root|INFO] 2019-07-11 15:39:53,335 > [37mepoch : 17 || loss_val : 0.2460 || Accuracy: 0.9857[0m
[root|INFO] 2019-07-11 15:39:53,343 > [37mEpoch 18 | Loss 0.3259[0m
[root|INFO] 2019-07-11 15:39:53,350 > [37mepoch : 18 || loss_val : 0.2116 || Accuracy: 0.9857[0m
[root|INFO] 2019-07-11 15:39:53,359 > [37mEpoch 19 | Loss 0.2906[0m
[root|INFO] 2019-07-11 15:39:53,365 > [37mepoch : 19 || loss_val : 0.1821 || Accuracy: 0.9857[0m
[root|INFO] 2019-07-11 15:39:53,375 > [37mEpoch 20 | Loss 0.2468[0m
[root|INFO] 2019-07-11 15:39:53,382 > [37mepoch : 20 || loss_val : 0.1567 || Accuracy: 0.9857[0m
[root|INFO] 2019-07-11 15:39:53,391 > [37mEpoch 21 | Loss 0.2407[0m
[root|INFO] 2019-07-11 15:39:53,398 > [37mepoch : 21 || loss_val : 0.1349 || Accuracy: 0.9857[0m
[root|INFO] 2019-07-11 15:39:53,408 > [37mEpoch 22 | Loss 0.2219[0m
[root|INFO] 2019-07-11 15:39:53,415 > [37mepoch : 22 || loss_val : 0.1164 || Accuracy: 0.9929[0m
[root|INFO] 2019-07-11 15:39:53,425 > [37mEpoch 23 | Loss 0.2059[0m
[root|INFO] 2019-07-11 15:39:53,432 > [37mepoch : 23 || loss_val : 0.1005 || Accuracy: 1.0000[0m
[root|INFO] 2019-07-11 15:39:53,441 > [37mEpoch 24 | Loss 0.1870[0m
[root|INFO] 2019-07-11 15:39:53,449 > [37mepoch : 24 || loss_val : 0.0872 || Accuracy: 1.0000[0m
[root|INFO] 2019-07-11 15:39:53,458 > [37mEpoch 25 | Loss 0.1654[0m
[root|INFO] 2019-07-11 15:39:53,466 > [37mepoch : 25 || loss_val : 0.0761 || Accuracy: 1.0000[0m
[root|INFO] 2019-07-11 15:39:53,475 > [37mEpoch 26 | Loss 0.1204[0m
[root|INFO] 2019-07-11 15:39:53,482 > [37mepoch : 26 || loss_val : 0.0669 || Accuracy: 1.0000[0m
[root|INFO] 2019-07-11 15:39:53,492 > [37mEpoch 27 | Loss 0.1177[0m
[root|INFO] 2019-07-11 15:39:53,499 > [37mepoch : 27 || loss_val : 0.0594 || Accuracy: 1.0000[0m
[root|INFO] 2019-07-11 15:39:53,509 > [37mEpoch 28 | Loss 0.1198[0m
[root|INFO] 2019-07-11 15:39:53,516 > [37mepoch : 28 || loss_val : 0.0531 || Accuracy: 1.0000[0m
[root|INFO] 2019-07-11 15:39:53,525 > [37mEpoch 29 | Loss 0.1137[0m
[root|INFO] 2019-07-11 15:39:53,533 > [37mepoch : 29 || loss_val : 0.0478 || Accuracy: 1.0000[0m
[root|INFO] 2019-07-11 15:39:53,542 > [37mEpoch 30 | Loss 0.1050[0m
[root|INFO] 2019-07-11 15:39:53,550 > [37mepoch : 30 || loss_val : 0.0427 || Accuracy: 1.0000[0m
[root|INFO] 2019-07-11 15:39:53,559 > [37mEpoch 31 | Loss 0.1110[0m
[root|INFO] 2019-07-11 15:39:53,566 > [37mepoch : 31 || loss_val : 0.0383 || Accuracy: 1.0000[0m
[root|INFO] 2019-07-11 15:39:53,576 > [37mEpoch 32 | Loss 0.1047[0m
[root|INFO] 2019-07-11 15:39:53,583 > [37mepoch : 32 || loss_val : 0.0344 || Accuracy: 1.0000[0m
[root|INFO] 2019-07-11 15:39:53,593 > [37mEpoch 33 | Loss 0.0775[0m
[root|INFO] 2019-07-11 15:39:53,600 > [37mepoch : 33 || loss_val : 0.0312 || Accuracy: 1.0000[0m
[root|INFO] 2019-07-11 15:39:53,609 > [37mEpoch 34 | Loss 0.0588[0m
[root|INFO] 2019-07-11 15:39:53,617 > [37mepoch : 34 || loss_val : 0.0285 || Accuracy: 1.0000[0m
[root|INFO] 2019-07-11 15:39:53,626 > [37mEpoch 35 | Loss 0.0904[0m
[root|INFO] 2019-07-11 15:39:53,634 > [37mepoch : 35 || loss_val : 0.0263 || Accuracy: 1.0000[0m
[root|INFO] 2019-07-11 15:39:53,642 > [37mEpoch 36 | Loss 0.0580[0m
[root|INFO] 2019-07-11 15:39:53,649 > [37mepoch : 36 || loss_val : 0.0244 || Accuracy: 1.0000[0m
[root|INFO] 2019-07-11 15:39:53,658 > [37mEpoch 37 | Loss 0.0943[0m
[root|INFO] 2019-07-11 15:39:53,664 > [37mepoch : 37 || loss_val : 0.0229 || Accuracy: 1.0000[0m
[root|INFO] 2019-07-11 15:39:53,673 > [37mEpoch 38 | Loss 0.0559[0m
[root|INFO] 2019-07-11 15:39:53,679 > [37mepoch : 38 || loss_val : 0.0215 || Accuracy: 1.0000[0m
[root|INFO] 2019-07-11 15:39:53,688 > [37mEpoch 39 | Loss 0.0476[0m
[root|INFO] 2019-07-11 15:39:53,694 > [37mepoch : 39 || loss_val : 0.0202 || Accuracy: 1.0000[0m
[root|INFO] 2019-07-11 15:39:53,702 > [37mEpoch 40 | Loss 0.0683[0m
[root|INFO] 2019-07-11 15:39:53,709 > [37mepoch : 40 || loss_val : 0.0190 || Accuracy: 1.0000[0m
[root|INFO] 2019-07-11 15:39:53,717 > [37mEpoch 41 | Loss 0.0677[0m
[root|INFO] 2019-07-11 15:39:53,724 > [37mepoch : 41 || loss_val : 0.0179 || Accuracy: 1.0000[0m
[root|INFO] 2019-07-11 15:39:53,732 > [37mEpoch 42 | Loss 0.0590[0m
[root|INFO] 2019-07-11 15:39:53,739 > [37mepoch : 42 || loss_val : 0.0170 || Accuracy: 1.0000[0m
[root|INFO] 2019-07-11 15:39:53,747 > [37mEpoch 43 | Loss 0.0426[0m
[root|INFO] 2019-07-11 15:39:53,755 > [37mepoch : 43 || loss_val : 0.0161 || Accuracy: 1.0000[0m
[root|INFO] 2019-07-11 15:39:53,764 > [37mEpoch 44 | Loss 0.0515[0m
[root|INFO] 2019-07-11 15:39:53,770 > [37mepoch : 44 || loss_val : 0.0153 || Accuracy: 1.0000[0m
[root|INFO] 2019-07-11 15:39:53,778 > [37mEpoch 45 | Loss 0.0724[0m
[root|INFO] 2019-07-11 15:39:53,785 > [37mepoch : 45 || loss_val : 0.0146 || Accuracy: 1.0000[0m
[root|INFO] 2019-07-11 15:39:53,793 > [37mEpoch 46 | Loss 0.0475[0m
[root|INFO] 2019-07-11 15:39:53,799 > [37mepoch : 46 || loss_val : 0.0141 || Accuracy: 1.0000[0m
[root|INFO] 2019-07-11 15:39:53,808 > [37mEpoch 47 | Loss 0.0437[0m
[root|INFO] 2019-07-11 15:39:53,814 > [37mepoch : 47 || loss_val : 0.0136 || Accuracy: 1.0000[0m
[root|INFO] 2019-07-11 15:39:53,823 > [37mEpoch 48 | Loss 0.0550[0m
[root|INFO] 2019-07-11 15:39:53,829 > [37mepoch : 48 || loss_val : 0.0132 || Accuracy: 1.0000[0m
[root|INFO] 2019-07-11 15:39:53,838 > [37mEpoch 49 | Loss 0.0406[0m
[root|INFO] 2019-07-11 15:39:53,844 > [37mepoch : 49 || loss_val : 0.0128 || Accuracy: 1.0000[0m
[root|INFO] 2019-07-11 15:39:53,844 > [37mOptimization Finished![0m
[root|INFO] 2019-07-11 15:39:53,844 > [37mTotal time elapsed: 1.0640s[0m
[root|ERROR] 2019-07-11 15:39:53,844 > [31mTraceback (most recent call last):
  File "/home/jiyoungpark/gcn_test/pygeo/net.py", line 105, in run_network
    test(model = model_running, test_data = test_dataset, device = device)
TypeError: test() missing 1 required positional argument: 'logger'
[0m
[root|INFO] 2019-07-11 15:40:47,928 > [37mRead Success![0m
[root|INFO] 2019-07-11 15:40:48,200 > [37mEpoch 0 | Loss 1.9569[0m
[root|INFO] 2019-07-11 15:40:48,215 > [37mepoch : 0 || loss_val : 1.8533 || Accuracy: 0.5714[0m
[root|INFO] 2019-07-11 15:40:48,226 > [37mEpoch 1 | Loss 1.8517[0m
[root|INFO] 2019-07-11 15:40:48,234 > [37mepoch : 1 || loss_val : 1.7407 || Accuracy: 0.7429[0m
[root|INFO] 2019-07-11 15:40:48,244 > [37mEpoch 2 | Loss 1.7409[0m
[root|INFO] 2019-07-11 15:40:48,252 > [37mepoch : 2 || loss_val : 1.6113 || Accuracy: 0.7714[0m
[root|INFO] 2019-07-11 15:40:48,262 > [37mEpoch 3 | Loss 1.6025[0m
[root|INFO] 2019-07-11 15:40:48,269 > [37mepoch : 3 || loss_val : 1.4788 || Accuracy: 0.7929[0m
[root|INFO] 2019-07-11 15:40:48,279 > [37mEpoch 4 | Loss 1.4916[0m
[root|INFO] 2019-07-11 15:40:48,286 > [37mepoch : 4 || loss_val : 1.3536 || Accuracy: 0.8143[0m
[root|INFO] 2019-07-11 15:40:48,296 > [37mEpoch 5 | Loss 1.3662[0m
[root|INFO] 2019-07-11 15:40:48,303 > [37mepoch : 5 || loss_val : 1.2308 || Accuracy: 0.8643[0m
[root|INFO] 2019-07-11 15:40:48,313 > [37mEpoch 6 | Loss 1.2514[0m
[root|INFO] 2019-07-11 15:40:48,320 > [37mepoch : 6 || loss_val : 1.1095 || Accuracy: 0.8929[0m
[root|INFO] 2019-07-11 15:40:48,330 > [37mEpoch 7 | Loss 1.1258[0m
[root|INFO] 2019-07-11 15:40:48,337 > [37mepoch : 7 || loss_val : 0.9918 || Accuracy: 0.9429[0m
[root|INFO] 2019-07-11 15:40:48,346 > [37mEpoch 8 | Loss 1.0486[0m
[root|INFO] 2019-07-11 15:40:48,353 > [37mepoch : 8 || loss_val : 0.8810 || Accuracy: 0.9643[0m
[root|INFO] 2019-07-11 15:40:48,363 > [37mEpoch 9 | Loss 0.9408[0m
[root|INFO] 2019-07-11 15:40:48,370 > [37mepoch : 9 || loss_val : 0.7794 || Accuracy: 0.9643[0m
[root|INFO] 2019-07-11 15:40:48,380 > [37mEpoch 10 | Loss 0.8294[0m
[root|INFO] 2019-07-11 15:40:48,387 > [37mepoch : 10 || loss_val : 0.6865 || Accuracy: 0.9714[0m
[root|INFO] 2019-07-11 15:40:48,396 > [37mEpoch 11 | Loss 0.7726[0m
[root|INFO] 2019-07-11 15:40:48,403 > [37mepoch : 11 || loss_val : 0.6005 || Accuracy: 0.9786[0m
[root|INFO] 2019-07-11 15:40:48,412 > [37mEpoch 12 | Loss 0.6602[0m
[root|INFO] 2019-07-11 15:40:48,420 > [37mepoch : 12 || loss_val : 0.5215 || Accuracy: 0.9786[0m
[root|INFO] 2019-07-11 15:40:48,429 > [37mEpoch 13 | Loss 0.6012[0m
[root|INFO] 2019-07-11 15:40:48,436 > [37mepoch : 13 || loss_val : 0.4504 || Accuracy: 0.9786[0m
[root|INFO] 2019-07-11 15:40:48,446 > [37mEpoch 14 | Loss 0.5451[0m
[root|INFO] 2019-07-11 15:40:48,453 > [37mepoch : 14 || loss_val : 0.3878 || Accuracy: 0.9857[0m
[root|INFO] 2019-07-11 15:40:48,462 > [37mEpoch 15 | Loss 0.4776[0m
[root|INFO] 2019-07-11 15:40:48,469 > [37mepoch : 15 || loss_val : 0.3333 || Accuracy: 0.9857[0m
[root|INFO] 2019-07-11 15:40:48,479 > [37mEpoch 16 | Loss 0.3937[0m
[root|INFO] 2019-07-11 15:40:48,486 > [37mepoch : 16 || loss_val : 0.2862 || Accuracy: 0.9857[0m
[root|INFO] 2019-07-11 15:40:48,495 > [37mEpoch 17 | Loss 0.3234[0m
[root|INFO] 2019-07-11 15:40:48,502 > [37mepoch : 17 || loss_val : 0.2460 || Accuracy: 0.9857[0m
[root|INFO] 2019-07-11 15:40:48,512 > [37mEpoch 18 | Loss 0.3259[0m
[root|INFO] 2019-07-11 15:40:48,519 > [37mepoch : 18 || loss_val : 0.2116 || Accuracy: 0.9857[0m
[root|INFO] 2019-07-11 15:40:48,529 > [37mEpoch 19 | Loss 0.2906[0m
[root|INFO] 2019-07-11 15:40:48,536 > [37mepoch : 19 || loss_val : 0.1821 || Accuracy: 0.9857[0m
[root|INFO] 2019-07-11 15:40:48,546 > [37mEpoch 20 | Loss 0.2468[0m
[root|INFO] 2019-07-11 15:40:48,553 > [37mepoch : 20 || loss_val : 0.1567 || Accuracy: 0.9857[0m
[root|INFO] 2019-07-11 15:40:48,562 > [37mEpoch 21 | Loss 0.2407[0m
[root|INFO] 2019-07-11 15:40:48,569 > [37mepoch : 21 || loss_val : 0.1349 || Accuracy: 0.9857[0m
[root|INFO] 2019-07-11 15:40:48,579 > [37mEpoch 22 | Loss 0.2219[0m
[root|INFO] 2019-07-11 15:40:48,586 > [37mepoch : 22 || loss_val : 0.1164 || Accuracy: 0.9929[0m
[root|INFO] 2019-07-11 15:40:48,595 > [37mEpoch 23 | Loss 0.2059[0m
[root|INFO] 2019-07-11 15:40:48,602 > [37mepoch : 23 || loss_val : 0.1005 || Accuracy: 1.0000[0m
[root|INFO] 2019-07-11 15:40:48,612 > [37mEpoch 24 | Loss 0.1870[0m
[root|INFO] 2019-07-11 15:40:48,619 > [37mepoch : 24 || loss_val : 0.0872 || Accuracy: 1.0000[0m
[root|INFO] 2019-07-11 15:40:48,628 > [37mEpoch 25 | Loss 0.1654[0m
[root|INFO] 2019-07-11 15:40:48,635 > [37mepoch : 25 || loss_val : 0.0761 || Accuracy: 1.0000[0m
[root|INFO] 2019-07-11 15:40:48,645 > [37mEpoch 26 | Loss 0.1204[0m
[root|INFO] 2019-07-11 15:40:48,652 > [37mepoch : 26 || loss_val : 0.0669 || Accuracy: 1.0000[0m
[root|INFO] 2019-07-11 15:40:48,661 > [37mEpoch 27 | Loss 0.1177[0m
[root|INFO] 2019-07-11 15:40:48,668 > [37mepoch : 27 || loss_val : 0.0594 || Accuracy: 1.0000[0m
[root|INFO] 2019-07-11 15:40:48,678 > [37mEpoch 28 | Loss 0.1198[0m
[root|INFO] 2019-07-11 15:40:48,685 > [37mepoch : 28 || loss_val : 0.0531 || Accuracy: 1.0000[0m
[root|INFO] 2019-07-11 15:40:48,695 > [37mEpoch 29 | Loss 0.1137[0m
[root|INFO] 2019-07-11 15:40:48,702 > [37mepoch : 29 || loss_val : 0.0478 || Accuracy: 1.0000[0m
[root|INFO] 2019-07-11 15:40:48,711 > [37mEpoch 30 | Loss 0.1050[0m
[root|INFO] 2019-07-11 15:40:48,719 > [37mepoch : 30 || loss_val : 0.0427 || Accuracy: 1.0000[0m
[root|INFO] 2019-07-11 15:40:48,728 > [37mEpoch 31 | Loss 0.1110[0m
[root|INFO] 2019-07-11 15:40:48,735 > [37mepoch : 31 || loss_val : 0.0383 || Accuracy: 1.0000[0m
[root|INFO] 2019-07-11 15:40:48,745 > [37mEpoch 32 | Loss 0.1047[0m
[root|INFO] 2019-07-11 15:40:48,752 > [37mepoch : 32 || loss_val : 0.0344 || Accuracy: 1.0000[0m
[root|INFO] 2019-07-11 15:40:48,761 > [37mEpoch 33 | Loss 0.0775[0m
[root|INFO] 2019-07-11 15:40:48,768 > [37mepoch : 33 || loss_val : 0.0312 || Accuracy: 1.0000[0m
[root|INFO] 2019-07-11 15:40:48,778 > [37mEpoch 34 | Loss 0.0588[0m
[root|INFO] 2019-07-11 15:40:48,785 > [37mepoch : 34 || loss_val : 0.0285 || Accuracy: 1.0000[0m
[root|INFO] 2019-07-11 15:40:48,794 > [37mEpoch 35 | Loss 0.0904[0m
[root|INFO] 2019-07-11 15:40:48,801 > [37mepoch : 35 || loss_val : 0.0263 || Accuracy: 1.0000[0m
[root|INFO] 2019-07-11 15:40:48,811 > [37mEpoch 36 | Loss 0.0580[0m
[root|INFO] 2019-07-11 15:40:48,818 > [37mepoch : 36 || loss_val : 0.0244 || Accuracy: 1.0000[0m
[root|INFO] 2019-07-11 15:40:48,827 > [37mEpoch 37 | Loss 0.0943[0m
[root|INFO] 2019-07-11 15:40:48,834 > [37mepoch : 37 || loss_val : 0.0229 || Accuracy: 1.0000[0m
[root|INFO] 2019-07-11 15:40:48,844 > [37mEpoch 38 | Loss 0.0559[0m
[root|INFO] 2019-07-11 15:40:48,851 > [37mepoch : 38 || loss_val : 0.0215 || Accuracy: 1.0000[0m
[root|INFO] 2019-07-11 15:40:48,860 > [37mEpoch 39 | Loss 0.0476[0m
[root|INFO] 2019-07-11 15:40:48,867 > [37mepoch : 39 || loss_val : 0.0202 || Accuracy: 1.0000[0m
[root|INFO] 2019-07-11 15:40:48,876 > [37mEpoch 40 | Loss 0.0683[0m
[root|INFO] 2019-07-11 15:40:48,883 > [37mepoch : 40 || loss_val : 0.0190 || Accuracy: 1.0000[0m
[root|INFO] 2019-07-11 15:40:48,893 > [37mEpoch 41 | Loss 0.0677[0m
[root|INFO] 2019-07-11 15:40:48,900 > [37mepoch : 41 || loss_val : 0.0179 || Accuracy: 1.0000[0m
[root|INFO] 2019-07-11 15:40:48,909 > [37mEpoch 42 | Loss 0.0590[0m
[root|INFO] 2019-07-11 15:40:48,916 > [37mepoch : 42 || loss_val : 0.0170 || Accuracy: 1.0000[0m
[root|INFO] 2019-07-11 15:40:48,925 > [37mEpoch 43 | Loss 0.0426[0m
[root|INFO] 2019-07-11 15:40:48,932 > [37mepoch : 43 || loss_val : 0.0161 || Accuracy: 1.0000[0m
[root|INFO] 2019-07-11 15:40:48,941 > [37mEpoch 44 | Loss 0.0515[0m
[root|INFO] 2019-07-11 15:40:48,948 > [37mepoch : 44 || loss_val : 0.0153 || Accuracy: 1.0000[0m
[root|INFO] 2019-07-11 15:40:48,958 > [37mEpoch 45 | Loss 0.0724[0m
[root|INFO] 2019-07-11 15:40:48,965 > [37mepoch : 45 || loss_val : 0.0146 || Accuracy: 1.0000[0m
[root|INFO] 2019-07-11 15:40:48,976 > [37mEpoch 46 | Loss 0.0475[0m
[root|INFO] 2019-07-11 15:40:48,983 > [37mepoch : 46 || loss_val : 0.0141 || Accuracy: 1.0000[0m
[root|INFO] 2019-07-11 15:40:48,992 > [37mEpoch 47 | Loss 0.0437[0m
[root|INFO] 2019-07-11 15:40:48,999 > [37mepoch : 47 || loss_val : 0.0136 || Accuracy: 1.0000[0m
[root|INFO] 2019-07-11 15:40:49,008 > [37mEpoch 48 | Loss 0.0550[0m
[root|INFO] 2019-07-11 15:40:49,015 > [37mepoch : 48 || loss_val : 0.0132 || Accuracy: 1.0000[0m
[root|INFO] 2019-07-11 15:40:49,025 > [37mEpoch 49 | Loss 0.0406[0m
[root|INFO] 2019-07-11 15:40:49,032 > [37mepoch : 49 || loss_val : 0.0128 || Accuracy: 1.0000[0m
[root|INFO] 2019-07-11 15:40:49,032 > [37mOptimization Finished![0m
[root|INFO] 2019-07-11 15:40:49,032 > [37mTotal time elapsed: 1.1036s[0m
[root|INFO] 2019-07-11 15:40:49,038 > [37mFinal Accuracy is = 0.80096011816839[0m
[root|INFO] 2019-07-11 15:40:49,038 > [37mdone[0m
[root|INFO] 2019-07-11 15:45:57,907 > [37mRead Success![0m
[root|TRAIN] 2019-07-11 15:45:58,186 > [37mEpoch 0 | Loss 1.9569[0m
[root|VAL] 2019-07-11 15:45:58,211 > [37mepoch : 0 || loss_val : 1.8533 || Accuracy: 0.5714[0m
[root|TRAIN] 2019-07-11 15:45:58,222 > [37mEpoch 1 | Loss 1.8517[0m
[root|VAL] 2019-07-11 15:45:58,230 > [37mepoch : 1 || loss_val : 1.7407 || Accuracy: 0.7429[0m
[root|TRAIN] 2019-07-11 15:45:58,240 > [37mEpoch 2 | Loss 1.7409[0m
[root|VAL] 2019-07-11 15:45:58,248 > [37mepoch : 2 || loss_val : 1.6113 || Accuracy: 0.7714[0m
[root|TRAIN] 2019-07-11 15:45:58,258 > [37mEpoch 3 | Loss 1.6025[0m
[root|VAL] 2019-07-11 15:45:58,266 > [37mepoch : 3 || loss_val : 1.4788 || Accuracy: 0.7929[0m
[root|TRAIN] 2019-07-11 15:45:58,275 > [37mEpoch 4 | Loss 1.4916[0m
[root|VAL] 2019-07-11 15:45:58,283 > [37mepoch : 4 || loss_val : 1.3536 || Accuracy: 0.8143[0m
[root|TRAIN] 2019-07-11 15:45:58,292 > [37mEpoch 5 | Loss 1.3662[0m
[root|VAL] 2019-07-11 15:45:58,300 > [37mepoch : 5 || loss_val : 1.2308 || Accuracy: 0.8643[0m
[root|TRAIN] 2019-07-11 15:45:58,309 > [37mEpoch 6 | Loss 1.2514[0m
[root|VAL] 2019-07-11 15:45:58,317 > [37mepoch : 6 || loss_val : 1.1095 || Accuracy: 0.8929[0m
[root|TRAIN] 2019-07-11 15:45:58,326 > [37mEpoch 7 | Loss 1.1258[0m
[root|VAL] 2019-07-11 15:45:58,333 > [37mepoch : 7 || loss_val : 0.9918 || Accuracy: 0.9429[0m
[root|TRAIN] 2019-07-11 15:45:58,343 > [37mEpoch 8 | Loss 1.0486[0m
[root|VAL] 2019-07-11 15:45:58,350 > [37mepoch : 8 || loss_val : 0.8810 || Accuracy: 0.9643[0m
[root|TRAIN] 2019-07-11 15:45:58,359 > [37mEpoch 9 | Loss 0.9408[0m
[root|VAL] 2019-07-11 15:45:58,367 > [37mepoch : 9 || loss_val : 0.7794 || Accuracy: 0.9643[0m
[root|TRAIN] 2019-07-11 15:45:58,377 > [37mEpoch 10 | Loss 0.8294[0m
[root|VAL] 2019-07-11 15:45:58,387 > [37mepoch : 10 || loss_val : 0.6865 || Accuracy: 0.9714[0m
[root|TRAIN] 2019-07-11 15:45:58,398 > [37mEpoch 11 | Loss 0.7726[0m
[root|VAL] 2019-07-11 15:45:58,406 > [37mepoch : 11 || loss_val : 0.6005 || Accuracy: 0.9786[0m
[root|TRAIN] 2019-07-11 15:45:58,415 > [37mEpoch 12 | Loss 0.6602[0m
[root|VAL] 2019-07-11 15:45:58,422 > [37mepoch : 12 || loss_val : 0.5215 || Accuracy: 0.9786[0m
[root|TRAIN] 2019-07-11 15:45:58,432 > [37mEpoch 13 | Loss 0.6012[0m
[root|VAL] 2019-07-11 15:45:58,439 > [37mepoch : 13 || loss_val : 0.4504 || Accuracy: 0.9786[0m
[root|TRAIN] 2019-07-11 15:45:58,448 > [37mEpoch 14 | Loss 0.5451[0m
[root|VAL] 2019-07-11 15:45:58,456 > [37mepoch : 14 || loss_val : 0.3878 || Accuracy: 0.9857[0m
[root|TRAIN] 2019-07-11 15:45:58,465 > [37mEpoch 15 | Loss 0.4776[0m
[root|VAL] 2019-07-11 15:45:58,472 > [37mepoch : 15 || loss_val : 0.3333 || Accuracy: 0.9857[0m
[root|TRAIN] 2019-07-11 15:45:58,482 > [37mEpoch 16 | Loss 0.3937[0m
[root|VAL] 2019-07-11 15:45:58,489 > [37mepoch : 16 || loss_val : 0.2862 || Accuracy: 0.9857[0m
[root|TRAIN] 2019-07-11 15:45:58,498 > [37mEpoch 17 | Loss 0.3234[0m
[root|VAL] 2019-07-11 15:45:58,505 > [37mepoch : 17 || loss_val : 0.2460 || Accuracy: 0.9857[0m
[root|TRAIN] 2019-07-11 15:45:58,515 > [37mEpoch 18 | Loss 0.3259[0m
[root|VAL] 2019-07-11 15:45:58,522 > [37mepoch : 18 || loss_val : 0.2116 || Accuracy: 0.9857[0m
[root|TRAIN] 2019-07-11 15:45:58,531 > [37mEpoch 19 | Loss 0.2906[0m
[root|VAL] 2019-07-11 15:45:58,539 > [37mepoch : 19 || loss_val : 0.1821 || Accuracy: 0.9857[0m
[root|TRAIN] 2019-07-11 15:45:58,548 > [37mEpoch 20 | Loss 0.2468[0m
[root|VAL] 2019-07-11 15:45:58,555 > [37mepoch : 20 || loss_val : 0.1567 || Accuracy: 0.9857[0m
[root|TRAIN] 2019-07-11 15:45:58,565 > [37mEpoch 21 | Loss 0.2407[0m
[root|VAL] 2019-07-11 15:45:58,573 > [37mepoch : 21 || loss_val : 0.1349 || Accuracy: 0.9857[0m
[root|TRAIN] 2019-07-11 15:45:58,582 > [37mEpoch 22 | Loss 0.2219[0m
[root|VAL] 2019-07-11 15:45:58,589 > [37mepoch : 22 || loss_val : 0.1164 || Accuracy: 0.9929[0m
[root|TRAIN] 2019-07-11 15:45:58,599 > [37mEpoch 23 | Loss 0.2059[0m
[root|VAL] 2019-07-11 15:45:58,606 > [37mepoch : 23 || loss_val : 0.1005 || Accuracy: 1.0000[0m
[root|TRAIN] 2019-07-11 15:45:58,616 > [37mEpoch 24 | Loss 0.1870[0m
[root|VAL] 2019-07-11 15:45:58,623 > [37mepoch : 24 || loss_val : 0.0872 || Accuracy: 1.0000[0m
[root|TRAIN] 2019-07-11 15:45:58,633 > [37mEpoch 25 | Loss 0.1654[0m
[root|VAL] 2019-07-11 15:45:58,640 > [37mepoch : 25 || loss_val : 0.0761 || Accuracy: 1.0000[0m
[root|TRAIN] 2019-07-11 15:45:58,650 > [37mEpoch 26 | Loss 0.1204[0m
[root|VAL] 2019-07-11 15:45:58,657 > [37mepoch : 26 || loss_val : 0.0669 || Accuracy: 1.0000[0m
[root|TRAIN] 2019-07-11 15:45:58,667 > [37mEpoch 27 | Loss 0.1177[0m
[root|VAL] 2019-07-11 15:45:58,679 > [37mepoch : 27 || loss_val : 0.0594 || Accuracy: 1.0000[0m
[root|TRAIN] 2019-07-11 15:45:58,690 > [37mEpoch 28 | Loss 0.1198[0m
[root|VAL] 2019-07-11 15:45:58,698 > [37mepoch : 28 || loss_val : 0.0531 || Accuracy: 1.0000[0m
[root|TRAIN] 2019-07-11 15:45:58,707 > [37mEpoch 29 | Loss 0.1137[0m
[root|VAL] 2019-07-11 15:45:58,715 > [37mepoch : 29 || loss_val : 0.0478 || Accuracy: 1.0000[0m
[root|TRAIN] 2019-07-11 15:45:58,724 > [37mEpoch 30 | Loss 0.1050[0m
[root|VAL] 2019-07-11 15:45:58,732 > [37mepoch : 30 || loss_val : 0.0427 || Accuracy: 1.0000[0m
[root|TRAIN] 2019-07-11 15:45:58,741 > [37mEpoch 31 | Loss 0.1110[0m
[root|VAL] 2019-07-11 15:45:58,749 > [37mepoch : 31 || loss_val : 0.0383 || Accuracy: 1.0000[0m
[root|TRAIN] 2019-07-11 15:45:58,759 > [37mEpoch 32 | Loss 0.1047[0m
[root|VAL] 2019-07-11 15:45:58,769 > [37mepoch : 32 || loss_val : 0.0344 || Accuracy: 1.0000[0m
[root|TRAIN] 2019-07-11 15:45:58,780 > [37mEpoch 33 | Loss 0.0775[0m
[root|VAL] 2019-07-11 15:45:58,787 > [37mepoch : 33 || loss_val : 0.0312 || Accuracy: 1.0000[0m
[root|TRAIN] 2019-07-11 15:45:58,796 > [37mEpoch 34 | Loss 0.0588[0m
[root|VAL] 2019-07-11 15:45:58,803 > [37mepoch : 34 || loss_val : 0.0285 || Accuracy: 1.0000[0m
[root|TRAIN] 2019-07-11 15:45:58,813 > [37mEpoch 35 | Loss 0.0904[0m
[root|VAL] 2019-07-11 15:45:58,820 > [37mepoch : 35 || loss_val : 0.0263 || Accuracy: 1.0000[0m
[root|TRAIN] 2019-07-11 15:45:58,829 > [37mEpoch 36 | Loss 0.0580[0m
[root|VAL] 2019-07-11 15:45:58,837 > [37mepoch : 36 || loss_val : 0.0244 || Accuracy: 1.0000[0m
[root|TRAIN] 2019-07-11 15:45:58,846 > [37mEpoch 37 | Loss 0.0943[0m
[root|VAL] 2019-07-11 15:45:58,853 > [37mepoch : 37 || loss_val : 0.0229 || Accuracy: 1.0000[0m
[root|TRAIN] 2019-07-11 15:45:58,863 > [37mEpoch 38 | Loss 0.0559[0m
[root|VAL] 2019-07-11 15:45:58,870 > [37mepoch : 38 || loss_val : 0.0215 || Accuracy: 1.0000[0m
[root|TRAIN] 2019-07-11 15:45:58,879 > [37mEpoch 39 | Loss 0.0476[0m
[root|VAL] 2019-07-11 15:45:58,886 > [37mepoch : 39 || loss_val : 0.0202 || Accuracy: 1.0000[0m
[root|TRAIN] 2019-07-11 15:45:58,896 > [37mEpoch 40 | Loss 0.0683[0m
[root|VAL] 2019-07-11 15:45:58,907 > [37mepoch : 40 || loss_val : 0.0190 || Accuracy: 1.0000[0m
[root|TRAIN] 2019-07-11 15:45:58,916 > [37mEpoch 41 | Loss 0.0677[0m
[root|VAL] 2019-07-11 15:45:58,923 > [37mepoch : 41 || loss_val : 0.0179 || Accuracy: 1.0000[0m
[root|TRAIN] 2019-07-11 15:45:58,933 > [37mEpoch 42 | Loss 0.0590[0m
[root|VAL] 2019-07-11 15:45:58,940 > [37mepoch : 42 || loss_val : 0.0170 || Accuracy: 1.0000[0m
[root|TRAIN] 2019-07-11 15:45:58,950 > [37mEpoch 43 | Loss 0.0426[0m
[root|VAL] 2019-07-11 15:45:58,961 > [37mepoch : 43 || loss_val : 0.0161 || Accuracy: 1.0000[0m
[root|TRAIN] 2019-07-11 15:45:58,973 > [37mEpoch 44 | Loss 0.0515[0m
[root|VAL] 2019-07-11 15:45:58,980 > [37mepoch : 44 || loss_val : 0.0153 || Accuracy: 1.0000[0m
[root|TRAIN] 2019-07-11 15:45:58,990 > [37mEpoch 45 | Loss 0.0724[0m
[root|VAL] 2019-07-11 15:45:59,000 > [37mepoch : 45 || loss_val : 0.0146 || Accuracy: 1.0000[0m
[root|TRAIN] 2019-07-11 15:45:59,012 > [37mEpoch 46 | Loss 0.0475[0m
[root|VAL] 2019-07-11 15:45:59,019 > [37mepoch : 46 || loss_val : 0.0141 || Accuracy: 1.0000[0m
[root|TRAIN] 2019-07-11 15:45:59,028 > [37mEpoch 47 | Loss 0.0437[0m
[root|VAL] 2019-07-11 15:45:59,036 > [37mepoch : 47 || loss_val : 0.0136 || Accuracy: 1.0000[0m
[root|TRAIN] 2019-07-11 15:45:59,045 > [37mEpoch 48 | Loss 0.0550[0m
[root|VAL] 2019-07-11 15:45:59,053 > [37mepoch : 48 || loss_val : 0.0132 || Accuracy: 1.0000[0m
[root|TRAIN] 2019-07-11 15:45:59,062 > [37mEpoch 49 | Loss 0.0406[0m
[root|VAL] 2019-07-11 15:45:59,069 > [37mepoch : 49 || loss_val : 0.0128 || Accuracy: 1.0000[0m
[root|INFO] 2019-07-11 15:45:59,069 > [37mOptimization Finished![0m
[root|INFO] 2019-07-11 15:45:59,069 > [37mTotal time elapsed: 1.1621s[0m
[root|TEST] 2019-07-11 15:45:59,075 > [37mFinal Accuracy is = 0.80096011816839[0m
[root|INFO] 2019-07-11 15:45:59,075 > [37mDone![0m
[root|INFO] 2019-07-11 15:54:03,313 > [37mRead Success![0m
[root|TRAIN] 2019-07-11 15:54:03,578 > [37mEpoch 0 | Loss 1.9569[0m
[root|VAL] 2019-07-11 15:54:03,592 > [37mepoch : 0 || loss_val : 1.8533 || Accuracy: 0.5714[0m
[root|TRAIN] 2019-07-11 15:54:03,602 > [37mEpoch 1 | Loss 1.8517[0m
[root|VAL] 2019-07-11 15:54:03,609 > [37mepoch : 1 || loss_val : 1.7407 || Accuracy: 0.7429[0m
[root|TRAIN] 2019-07-11 15:54:03,618 > [37mEpoch 2 | Loss 1.7409[0m
[root|VAL] 2019-07-11 15:54:03,624 > [37mepoch : 2 || loss_val : 1.6113 || Accuracy: 0.7714[0m
[root|TRAIN] 2019-07-11 15:54:03,633 > [37mEpoch 3 | Loss 1.6025[0m
[root|VAL] 2019-07-11 15:54:03,640 > [37mepoch : 3 || loss_val : 1.4788 || Accuracy: 0.7929[0m
[root|TRAIN] 2019-07-11 15:54:03,649 > [37mEpoch 4 | Loss 1.4916[0m
[root|VAL] 2019-07-11 15:54:03,655 > [37mepoch : 4 || loss_val : 1.3536 || Accuracy: 0.8143[0m
[root|TRAIN] 2019-07-11 15:54:03,664 > [37mEpoch 5 | Loss 1.3662[0m
[root|VAL] 2019-07-11 15:54:03,670 > [37mepoch : 5 || loss_val : 1.2308 || Accuracy: 0.8643[0m
[root|TRAIN] 2019-07-11 15:54:03,679 > [37mEpoch 6 | Loss 1.2514[0m
[root|VAL] 2019-07-11 15:54:03,686 > [37mepoch : 6 || loss_val : 1.1095 || Accuracy: 0.8929[0m
[root|TRAIN] 2019-07-11 15:54:03,695 > [37mEpoch 7 | Loss 1.1258[0m
[root|VAL] 2019-07-11 15:54:03,702 > [37mepoch : 7 || loss_val : 0.9918 || Accuracy: 0.9429[0m
[root|TRAIN] 2019-07-11 15:54:03,711 > [37mEpoch 8 | Loss 1.0486[0m
[root|VAL] 2019-07-11 15:54:03,718 > [37mepoch : 8 || loss_val : 0.8810 || Accuracy: 0.9643[0m
[root|TRAIN] 2019-07-11 15:54:03,727 > [37mEpoch 9 | Loss 0.9408[0m
[root|VAL] 2019-07-11 15:54:03,733 > [37mepoch : 9 || loss_val : 0.7794 || Accuracy: 0.9643[0m
[root|TRAIN] 2019-07-11 15:54:03,743 > [37mEpoch 10 | Loss 0.8294[0m
[root|VAL] 2019-07-11 15:54:03,750 > [37mepoch : 10 || loss_val : 0.6865 || Accuracy: 0.9714[0m
[root|TRAIN] 2019-07-11 15:54:03,760 > [37mEpoch 11 | Loss 0.7726[0m
[root|VAL] 2019-07-11 15:54:03,767 > [37mepoch : 11 || loss_val : 0.6005 || Accuracy: 0.9786[0m
[root|TRAIN] 2019-07-11 15:54:03,776 > [37mEpoch 12 | Loss 0.6602[0m
[root|VAL] 2019-07-11 15:54:03,783 > [37mepoch : 12 || loss_val : 0.5215 || Accuracy: 0.9786[0m
[root|TRAIN] 2019-07-11 15:54:03,792 > [37mEpoch 13 | Loss 0.6012[0m
[root|VAL] 2019-07-11 15:54:03,799 > [37mepoch : 13 || loss_val : 0.4504 || Accuracy: 0.9786[0m
[root|TRAIN] 2019-07-11 15:54:03,808 > [37mEpoch 14 | Loss 0.5451[0m
[root|VAL] 2019-07-11 15:54:03,815 > [37mepoch : 14 || loss_val : 0.3878 || Accuracy: 0.9857[0m
[root|TRAIN] 2019-07-11 15:54:03,824 > [37mEpoch 15 | Loss 0.4776[0m
[root|VAL] 2019-07-11 15:54:03,831 > [37mepoch : 15 || loss_val : 0.3333 || Accuracy: 0.9857[0m
[root|TRAIN] 2019-07-11 15:54:03,840 > [37mEpoch 16 | Loss 0.3937[0m
[root|VAL] 2019-07-11 15:54:03,847 > [37mepoch : 16 || loss_val : 0.2862 || Accuracy: 0.9857[0m
[root|TRAIN] 2019-07-11 15:54:03,856 > [37mEpoch 17 | Loss 0.3234[0m
[root|VAL] 2019-07-11 15:54:03,863 > [37mepoch : 17 || loss_val : 0.2460 || Accuracy: 0.9857[0m
[root|TRAIN] 2019-07-11 15:54:03,873 > [37mEpoch 18 | Loss 0.3259[0m
[root|VAL] 2019-07-11 15:54:03,880 > [37mepoch : 18 || loss_val : 0.2116 || Accuracy: 0.9857[0m
[root|TRAIN] 2019-07-11 15:54:03,890 > [37mEpoch 19 | Loss 0.2906[0m
[root|VAL] 2019-07-11 15:54:03,898 > [37mepoch : 19 || loss_val : 0.1821 || Accuracy: 0.9857[0m
[root|TRAIN] 2019-07-11 15:54:03,907 > [37mEpoch 20 | Loss 0.2468[0m
[root|VAL] 2019-07-11 15:54:03,915 > [37mepoch : 20 || loss_val : 0.1567 || Accuracy: 0.9857[0m
[root|TRAIN] 2019-07-11 15:54:03,925 > [37mEpoch 21 | Loss 0.2407[0m
[root|VAL] 2019-07-11 15:54:03,932 > [37mepoch : 21 || loss_val : 0.1349 || Accuracy: 0.9857[0m
[root|TRAIN] 2019-07-11 15:54:03,941 > [37mEpoch 22 | Loss 0.2219[0m
[root|VAL] 2019-07-11 15:54:03,948 > [37mepoch : 22 || loss_val : 0.1164 || Accuracy: 0.9929[0m
[root|TRAIN] 2019-07-11 15:54:03,957 > [37mEpoch 23 | Loss 0.2059[0m
[root|VAL] 2019-07-11 15:54:03,964 > [37mepoch : 23 || loss_val : 0.1005 || Accuracy: 1.0000[0m
[root|TRAIN] 2019-07-11 15:54:03,973 > [37mEpoch 24 | Loss 0.1870[0m
[root|VAL] 2019-07-11 15:54:03,979 > [37mepoch : 24 || loss_val : 0.0872 || Accuracy: 1.0000[0m
[root|TRAIN] 2019-07-11 15:54:03,988 > [37mEpoch 25 | Loss 0.1654[0m
[root|VAL] 2019-07-11 15:54:03,994 > [37mepoch : 25 || loss_val : 0.0761 || Accuracy: 1.0000[0m
[root|TRAIN] 2019-07-11 15:54:04,004 > [37mEpoch 26 | Loss 0.1204[0m
[root|VAL] 2019-07-11 15:54:04,010 > [37mepoch : 26 || loss_val : 0.0669 || Accuracy: 1.0000[0m
[root|TRAIN] 2019-07-11 15:54:04,019 > [37mEpoch 27 | Loss 0.1177[0m
[root|VAL] 2019-07-11 15:54:04,026 > [37mepoch : 27 || loss_val : 0.0594 || Accuracy: 1.0000[0m
[root|TRAIN] 2019-07-11 15:54:04,035 > [37mEpoch 28 | Loss 0.1198[0m
[root|VAL] 2019-07-11 15:54:04,041 > [37mepoch : 28 || loss_val : 0.0531 || Accuracy: 1.0000[0m
[root|TRAIN] 2019-07-11 15:54:04,050 > [37mEpoch 29 | Loss 0.1137[0m
[root|VAL] 2019-07-11 15:54:04,056 > [37mepoch : 29 || loss_val : 0.0478 || Accuracy: 1.0000[0m
[root|TRAIN] 2019-07-11 15:54:04,065 > [37mEpoch 30 | Loss 0.1050[0m
[root|VAL] 2019-07-11 15:54:04,072 > [37mepoch : 30 || loss_val : 0.0427 || Accuracy: 1.0000[0m
[root|TRAIN] 2019-07-11 15:54:04,081 > [37mEpoch 31 | Loss 0.1110[0m
[root|VAL] 2019-07-11 15:54:04,087 > [37mepoch : 31 || loss_val : 0.0383 || Accuracy: 1.0000[0m
[root|TRAIN] 2019-07-11 15:54:04,096 > [37mEpoch 32 | Loss 0.1047[0m
[root|VAL] 2019-07-11 15:54:04,102 > [37mepoch : 32 || loss_val : 0.0344 || Accuracy: 1.0000[0m
[root|TRAIN] 2019-07-11 15:54:04,111 > [37mEpoch 33 | Loss 0.0775[0m
[root|VAL] 2019-07-11 15:54:04,120 > [37mepoch : 33 || loss_val : 0.0312 || Accuracy: 1.0000[0m
[root|TRAIN] 2019-07-11 15:54:04,131 > [37mEpoch 34 | Loss 0.0588[0m
[root|VAL] 2019-07-11 15:54:04,140 > [37mepoch : 34 || loss_val : 0.0285 || Accuracy: 1.0000[0m
[root|TRAIN] 2019-07-11 15:54:04,151 > [37mEpoch 35 | Loss 0.0904[0m
[root|VAL] 2019-07-11 15:54:04,160 > [37mepoch : 35 || loss_val : 0.0263 || Accuracy: 1.0000[0m
[root|TRAIN] 2019-07-11 15:54:04,171 > [37mEpoch 36 | Loss 0.0580[0m
[root|VAL] 2019-07-11 15:54:04,180 > [37mepoch : 36 || loss_val : 0.0244 || Accuracy: 1.0000[0m
[root|TRAIN] 2019-07-11 15:54:04,191 > [37mEpoch 37 | Loss 0.0943[0m
[root|VAL] 2019-07-11 15:54:04,199 > [37mepoch : 37 || loss_val : 0.0229 || Accuracy: 1.0000[0m
[root|TRAIN] 2019-07-11 15:54:04,210 > [37mEpoch 38 | Loss 0.0559[0m
[root|VAL] 2019-07-11 15:54:04,219 > [37mepoch : 38 || loss_val : 0.0215 || Accuracy: 1.0000[0m
[root|TRAIN] 2019-07-11 15:54:04,229 > [37mEpoch 39 | Loss 0.0476[0m
[root|VAL] 2019-07-11 15:54:04,238 > [37mepoch : 39 || loss_val : 0.0202 || Accuracy: 1.0000[0m
[root|TRAIN] 2019-07-11 15:54:04,249 > [37mEpoch 40 | Loss 0.0683[0m
[root|VAL] 2019-07-11 15:54:04,257 > [37mepoch : 40 || loss_val : 0.0190 || Accuracy: 1.0000[0m
[root|TRAIN] 2019-07-11 15:54:04,268 > [37mEpoch 41 | Loss 0.0677[0m
[root|VAL] 2019-07-11 15:54:04,277 > [37mepoch : 41 || loss_val : 0.0179 || Accuracy: 1.0000[0m
[root|TRAIN] 2019-07-11 15:54:04,287 > [37mEpoch 42 | Loss 0.0590[0m
[root|VAL] 2019-07-11 15:54:04,296 > [37mepoch : 42 || loss_val : 0.0170 || Accuracy: 1.0000[0m
[root|TRAIN] 2019-07-11 15:54:04,307 > [37mEpoch 43 | Loss 0.0426[0m
[root|VAL] 2019-07-11 15:54:04,316 > [37mepoch : 43 || loss_val : 0.0161 || Accuracy: 1.0000[0m
[root|TRAIN] 2019-07-11 15:54:04,327 > [37mEpoch 44 | Loss 0.0515[0m
[root|VAL] 2019-07-11 15:54:04,337 > [37mepoch : 44 || loss_val : 0.0153 || Accuracy: 1.0000[0m
[root|TRAIN] 2019-07-11 15:54:04,347 > [37mEpoch 45 | Loss 0.0724[0m
[root|VAL] 2019-07-11 15:54:04,356 > [37mepoch : 45 || loss_val : 0.0146 || Accuracy: 1.0000[0m
[root|TRAIN] 2019-07-11 15:54:04,367 > [37mEpoch 46 | Loss 0.0475[0m
[root|VAL] 2019-07-11 15:54:04,376 > [37mepoch : 46 || loss_val : 0.0141 || Accuracy: 1.0000[0m
[root|TRAIN] 2019-07-11 15:54:04,387 > [37mEpoch 47 | Loss 0.0437[0m
[root|VAL] 2019-07-11 15:54:04,395 > [37mepoch : 47 || loss_val : 0.0136 || Accuracy: 1.0000[0m
[root|TRAIN] 2019-07-11 15:54:04,406 > [37mEpoch 48 | Loss 0.0550[0m
[root|VAL] 2019-07-11 15:54:04,415 > [37mepoch : 48 || loss_val : 0.0132 || Accuracy: 1.0000[0m
[root|TRAIN] 2019-07-11 15:54:04,425 > [37mEpoch 49 | Loss 0.0406[0m
[root|VAL] 2019-07-11 15:54:04,464 > [37mepoch : 49 || loss_val : 0.0128 || Accuracy: 1.0000[0m
[root|INFO] 2019-07-11 15:54:04,465 > [37mOptimization Finished![0m
[root|INFO] 2019-07-11 15:54:04,465 > [37mTotal time elapsed: 1.1517s[0m
[root|TEST] 2019-07-11 15:54:04,471 > [37mFinal Accuracy is = 0.80096011816839[0m
[root|INFO] 2019-07-11 15:54:04,471 > [37mDone![0m
[root|INFO] 2019-07-11 15:56:12,022 > [37mRead Success![0m
[root|TRAIN] 2019-07-11 15:56:12,275 > [37mEpoch 0 | Loss 1.9569[0m
[root|VAL] 2019-07-11 15:56:12,290 > [37mepoch : 0 || loss_val : 1.8533 || Accuracy: 0.5714[0m
[root|TRAIN] 2019-07-11 15:56:12,300 > [37mEpoch 1 | Loss 1.8517[0m
[root|VAL] 2019-07-11 15:56:12,307 > [37mepoch : 1 || loss_val : 1.7407 || Accuracy: 0.7429[0m
[root|TRAIN] 2019-07-11 15:56:12,317 > [37mEpoch 2 | Loss 1.7409[0m
[root|VAL] 2019-07-11 15:56:12,324 > [37mepoch : 2 || loss_val : 1.6113 || Accuracy: 0.7714[0m
[root|TRAIN] 2019-07-11 15:56:12,333 > [37mEpoch 3 | Loss 1.6025[0m
[root|VAL] 2019-07-11 15:56:12,341 > [37mepoch : 3 || loss_val : 1.4788 || Accuracy: 0.7929[0m
[root|TRAIN] 2019-07-11 15:56:12,350 > [37mEpoch 4 | Loss 1.4916[0m
[root|VAL] 2019-07-11 15:56:12,357 > [37mepoch : 4 || loss_val : 1.3536 || Accuracy: 0.8143[0m
[root|TRAIN] 2019-07-11 15:56:12,367 > [37mEpoch 5 | Loss 1.3662[0m
[root|VAL] 2019-07-11 15:56:12,376 > [37mepoch : 5 || loss_val : 1.2308 || Accuracy: 0.8643[0m
[root|TRAIN] 2019-07-11 15:56:12,387 > [37mEpoch 6 | Loss 1.2514[0m
[root|VAL] 2019-07-11 15:56:12,395 > [37mepoch : 6 || loss_val : 1.1095 || Accuracy: 0.8929[0m
[root|TRAIN] 2019-07-11 15:56:12,406 > [37mEpoch 7 | Loss 1.1258[0m
[root|VAL] 2019-07-11 15:56:12,414 > [37mepoch : 7 || loss_val : 0.9918 || Accuracy: 0.9429[0m
[root|TRAIN] 2019-07-11 15:56:12,425 > [37mEpoch 8 | Loss 1.0486[0m
[root|VAL] 2019-07-11 15:56:12,432 > [37mepoch : 8 || loss_val : 0.8810 || Accuracy: 0.9643[0m
[root|TRAIN] 2019-07-11 15:56:12,442 > [37mEpoch 9 | Loss 0.9408[0m
[root|VAL] 2019-07-11 15:56:12,449 > [37mepoch : 9 || loss_val : 0.7794 || Accuracy: 0.9643[0m
[root|TRAIN] 2019-07-11 15:56:12,459 > [37mEpoch 10 | Loss 0.8294[0m
[root|VAL] 2019-07-11 15:56:12,466 > [37mepoch : 10 || loss_val : 0.6865 || Accuracy: 0.9714[0m
[root|TRAIN] 2019-07-11 15:56:12,475 > [37mEpoch 11 | Loss 0.7726[0m
[root|VAL] 2019-07-11 15:56:12,483 > [37mepoch : 11 || loss_val : 0.6005 || Accuracy: 0.9786[0m
[root|TRAIN] 2019-07-11 15:56:12,493 > [37mEpoch 12 | Loss 0.6602[0m
[root|VAL] 2019-07-11 15:56:12,501 > [37mepoch : 12 || loss_val : 0.5215 || Accuracy: 0.9786[0m
[root|TRAIN] 2019-07-11 15:56:12,512 > [37mEpoch 13 | Loss 0.6012[0m
[root|VAL] 2019-07-11 15:56:12,520 > [37mepoch : 13 || loss_val : 0.4504 || Accuracy: 0.9786[0m
[root|TRAIN] 2019-07-11 15:56:12,552 > [37mEpoch 14 | Loss 0.5451[0m
[root|VAL] 2019-07-11 15:56:12,566 > [37mepoch : 14 || loss_val : 0.3878 || Accuracy: 0.9857[0m
[root|TRAIN] 2019-07-11 15:56:12,577 > [37mEpoch 15 | Loss 0.4776[0m
[root|VAL] 2019-07-11 15:56:12,585 > [37mepoch : 15 || loss_val : 0.3333 || Accuracy: 0.9857[0m
[root|TRAIN] 2019-07-11 15:56:12,594 > [37mEpoch 16 | Loss 0.3937[0m
[root|VAL] 2019-07-11 15:56:12,601 > [37mepoch : 16 || loss_val : 0.2862 || Accuracy: 0.9857[0m
[root|TRAIN] 2019-07-11 15:56:12,611 > [37mEpoch 17 | Loss 0.3234[0m
[root|VAL] 2019-07-11 15:56:12,618 > [37mepoch : 17 || loss_val : 0.2460 || Accuracy: 0.9857[0m
[root|TRAIN] 2019-07-11 15:56:12,628 > [37mEpoch 18 | Loss 0.3259[0m
[root|VAL] 2019-07-11 15:56:12,635 > [37mepoch : 18 || loss_val : 0.2116 || Accuracy: 0.9857[0m
[root|TRAIN] 2019-07-11 15:56:12,645 > [37mEpoch 19 | Loss 0.2906[0m
[root|VAL] 2019-07-11 15:56:12,653 > [37mepoch : 19 || loss_val : 0.1821 || Accuracy: 0.9857[0m
[root|TRAIN] 2019-07-11 15:56:12,663 > [37mEpoch 20 | Loss 0.2468[0m
[root|VAL] 2019-07-11 15:56:12,670 > [37mepoch : 20 || loss_val : 0.1567 || Accuracy: 0.9857[0m
[root|TRAIN] 2019-07-11 15:56:12,679 > [37mEpoch 21 | Loss 0.2407[0m
[root|VAL] 2019-07-11 15:56:12,686 > [37mepoch : 21 || loss_val : 0.1349 || Accuracy: 0.9857[0m
[root|TRAIN] 2019-07-11 15:56:12,696 > [37mEpoch 22 | Loss 0.2219[0m
[root|VAL] 2019-07-11 15:56:12,703 > [37mepoch : 22 || loss_val : 0.1164 || Accuracy: 0.9929[0m
[root|TRAIN] 2019-07-11 15:56:12,713 > [37mEpoch 23 | Loss 0.2059[0m
[root|VAL] 2019-07-11 15:56:12,727 > [37mepoch : 23 || loss_val : 0.1005 || Accuracy: 1.0000[0m
[root|TRAIN] 2019-07-11 15:56:12,738 > [37mEpoch 24 | Loss 0.1870[0m
[root|VAL] 2019-07-11 15:56:12,746 > [37mepoch : 24 || loss_val : 0.0872 || Accuracy: 1.0000[0m
[root|TRAIN] 2019-07-11 15:56:12,757 > [37mEpoch 25 | Loss 0.1654[0m
[root|VAL] 2019-07-11 15:56:12,765 > [37mepoch : 25 || loss_val : 0.0761 || Accuracy: 1.0000[0m
[root|TRAIN] 2019-07-11 15:56:12,776 > [37mEpoch 26 | Loss 0.1204[0m
[root|VAL] 2019-07-11 15:56:12,784 > [37mepoch : 26 || loss_val : 0.0669 || Accuracy: 1.0000[0m
[root|TRAIN] 2019-07-11 15:56:12,794 > [37mEpoch 27 | Loss 0.1177[0m
[root|VAL] 2019-07-11 15:56:12,802 > [37mepoch : 27 || loss_val : 0.0594 || Accuracy: 1.0000[0m
[root|TRAIN] 2019-07-11 15:56:12,812 > [37mEpoch 28 | Loss 0.1198[0m
[root|VAL] 2019-07-11 15:56:12,820 > [37mepoch : 28 || loss_val : 0.0531 || Accuracy: 1.0000[0m
[root|TRAIN] 2019-07-11 15:56:12,829 > [37mEpoch 29 | Loss 0.1137[0m
[root|VAL] 2019-07-11 15:56:12,835 > [37mepoch : 29 || loss_val : 0.0478 || Accuracy: 1.0000[0m
[root|TRAIN] 2019-07-11 15:56:12,843 > [37mEpoch 30 | Loss 0.1050[0m
[root|VAL] 2019-07-11 15:56:12,850 > [37mepoch : 30 || loss_val : 0.0427 || Accuracy: 1.0000[0m
[root|TRAIN] 2019-07-11 15:56:12,858 > [37mEpoch 31 | Loss 0.1110[0m
[root|VAL] 2019-07-11 15:56:12,864 > [37mepoch : 31 || loss_val : 0.0383 || Accuracy: 1.0000[0m
[root|TRAIN] 2019-07-11 15:56:12,873 > [37mEpoch 32 | Loss 0.1047[0m
[root|VAL] 2019-07-11 15:56:12,879 > [37mepoch : 32 || loss_val : 0.0344 || Accuracy: 1.0000[0m
[root|TRAIN] 2019-07-11 15:56:12,887 > [37mEpoch 33 | Loss 0.0775[0m
[root|VAL] 2019-07-11 15:56:12,893 > [37mepoch : 33 || loss_val : 0.0312 || Accuracy: 1.0000[0m
[root|TRAIN] 2019-07-11 15:56:12,902 > [37mEpoch 34 | Loss 0.0588[0m
[root|VAL] 2019-07-11 15:56:12,908 > [37mepoch : 34 || loss_val : 0.0285 || Accuracy: 1.0000[0m
[root|TRAIN] 2019-07-11 15:56:12,916 > [37mEpoch 35 | Loss 0.0904[0m
[root|VAL] 2019-07-11 15:56:12,922 > [37mepoch : 35 || loss_val : 0.0263 || Accuracy: 1.0000[0m
[root|TRAIN] 2019-07-11 15:56:12,931 > [37mEpoch 36 | Loss 0.0580[0m
[root|VAL] 2019-07-11 15:56:12,937 > [37mepoch : 36 || loss_val : 0.0244 || Accuracy: 1.0000[0m
[root|TRAIN] 2019-07-11 15:56:12,945 > [37mEpoch 37 | Loss 0.0943[0m
[root|VAL] 2019-07-11 15:56:12,951 > [37mepoch : 37 || loss_val : 0.0229 || Accuracy: 1.0000[0m
[root|TRAIN] 2019-07-11 15:56:12,960 > [37mEpoch 38 | Loss 0.0559[0m
[root|VAL] 2019-07-11 15:56:12,966 > [37mepoch : 38 || loss_val : 0.0215 || Accuracy: 1.0000[0m
[root|TRAIN] 2019-07-11 15:56:12,974 > [37mEpoch 39 | Loss 0.0476[0m
[root|VAL] 2019-07-11 15:56:12,981 > [37mepoch : 39 || loss_val : 0.0202 || Accuracy: 1.0000[0m
[root|TRAIN] 2019-07-11 15:56:12,989 > [37mEpoch 40 | Loss 0.0683[0m
[root|VAL] 2019-07-11 15:56:12,996 > [37mepoch : 40 || loss_val : 0.0190 || Accuracy: 1.0000[0m
[root|TRAIN] 2019-07-11 15:56:13,004 > [37mEpoch 41 | Loss 0.0677[0m
[root|VAL] 2019-07-11 15:56:13,011 > [37mepoch : 41 || loss_val : 0.0179 || Accuracy: 1.0000[0m
[root|TRAIN] 2019-07-11 15:56:13,020 > [37mEpoch 42 | Loss 0.0590[0m
[root|VAL] 2019-07-11 15:56:13,027 > [37mepoch : 42 || loss_val : 0.0170 || Accuracy: 1.0000[0m
[root|TRAIN] 2019-07-11 15:56:13,035 > [37mEpoch 43 | Loss 0.0426[0m
[root|VAL] 2019-07-11 15:56:13,042 > [37mepoch : 43 || loss_val : 0.0161 || Accuracy: 1.0000[0m
[root|TRAIN] 2019-07-11 15:56:13,050 > [37mEpoch 44 | Loss 0.0515[0m
[root|VAL] 2019-07-11 15:56:13,056 > [37mepoch : 44 || loss_val : 0.0153 || Accuracy: 1.0000[0m
[root|TRAIN] 2019-07-11 15:56:13,064 > [37mEpoch 45 | Loss 0.0724[0m
[root|VAL] 2019-07-11 15:56:13,070 > [37mepoch : 45 || loss_val : 0.0146 || Accuracy: 1.0000[0m
[root|TRAIN] 2019-07-11 15:56:13,079 > [37mEpoch 46 | Loss 0.0475[0m
[root|VAL] 2019-07-11 15:56:13,085 > [37mepoch : 46 || loss_val : 0.0141 || Accuracy: 1.0000[0m
[root|TRAIN] 2019-07-11 15:56:13,093 > [37mEpoch 47 | Loss 0.0437[0m
[root|VAL] 2019-07-11 15:56:13,100 > [37mepoch : 47 || loss_val : 0.0136 || Accuracy: 1.0000[0m
[root|TRAIN] 2019-07-11 15:56:13,108 > [37mEpoch 48 | Loss 0.0550[0m
[root|VAL] 2019-07-11 15:56:13,114 > [37mepoch : 48 || loss_val : 0.0132 || Accuracy: 1.0000[0m
[root|TRAIN] 2019-07-11 15:56:13,123 > [37mEpoch 49 | Loss 0.0406[0m
[root|VAL] 2019-07-11 15:56:13,130 > [37mepoch : 49 || loss_val : 0.0128 || Accuracy: 1.0000[0m
[root|INFO] 2019-07-11 15:56:13,130 > [37mOptimization Finished![0m
[root|INFO] 2019-07-11 15:56:13,130 > [37mTotal time elapsed: 1.1078s[0m
[root|TEST] 2019-07-11 15:56:13,137 > [37mFinal Accuracy is = 0.80096011816839[0m
[root|INFO] 2019-07-11 15:56:13,138 > [37mDone![0m
[root|INFO] 2019-07-11 15:56:26,307 > [37mRead Success![0m
[root|TRAIN] 2019-07-11 15:56:26,579 > [37mEpoch 0 | Loss 1.9569[0m
[root|VAL] 2019-07-11 15:56:26,601 > [37mepoch : 0 || loss_val : 1.8533 || Accuracy: 0.5714[0m
[root|TRAIN] 2019-07-11 15:56:26,613 > [37mEpoch 1 | Loss 1.8517[0m
[root|VAL] 2019-07-11 15:56:26,621 > [37mepoch : 1 || loss_val : 1.7407 || Accuracy: 0.7429[0m
[root|TRAIN] 2019-07-11 15:56:26,632 > [37mEpoch 2 | Loss 1.7409[0m
[root|VAL] 2019-07-11 15:56:26,644 > [37mepoch : 2 || loss_val : 1.6113 || Accuracy: 0.7714[0m
[root|TRAIN] 2019-07-11 15:56:26,656 > [37mEpoch 3 | Loss 1.6025[0m
[root|VAL] 2019-07-11 15:56:26,664 > [37mepoch : 3 || loss_val : 1.4788 || Accuracy: 0.7929[0m
[root|TRAIN] 2019-07-11 15:56:26,675 > [37mEpoch 4 | Loss 1.4916[0m
[root|VAL] 2019-07-11 15:56:26,683 > [37mepoch : 4 || loss_val : 1.3536 || Accuracy: 0.8143[0m
[root|TRAIN] 2019-07-11 15:56:26,693 > [37mEpoch 5 | Loss 1.3662[0m
[root|VAL] 2019-07-11 15:56:26,700 > [37mepoch : 5 || loss_val : 1.2308 || Accuracy: 0.8643[0m
[root|TRAIN] 2019-07-11 15:56:26,711 > [37mEpoch 6 | Loss 1.2514[0m
[root|VAL] 2019-07-11 15:56:26,719 > [37mepoch : 6 || loss_val : 1.1095 || Accuracy: 0.8929[0m
[root|TRAIN] 2019-07-11 15:56:26,729 > [37mEpoch 7 | Loss 1.1258[0m
[root|VAL] 2019-07-11 15:56:26,737 > [37mepoch : 7 || loss_val : 0.9918 || Accuracy: 0.9429[0m
[root|TRAIN] 2019-07-11 15:56:26,747 > [37mEpoch 8 | Loss 1.0486[0m
[root|VAL] 2019-07-11 15:56:26,755 > [37mepoch : 8 || loss_val : 0.8810 || Accuracy: 0.9643[0m
[root|TRAIN] 2019-07-11 15:56:26,765 > [37mEpoch 9 | Loss 0.9408[0m
[root|VAL] 2019-07-11 15:56:26,774 > [37mepoch : 9 || loss_val : 0.7794 || Accuracy: 0.9643[0m
[root|TRAIN] 2019-07-11 15:56:26,784 > [37mEpoch 10 | Loss 0.8294[0m
[root|VAL] 2019-07-11 15:56:26,792 > [37mepoch : 10 || loss_val : 0.6865 || Accuracy: 0.9714[0m
[root|TRAIN] 2019-07-11 15:56:26,803 > [37mEpoch 11 | Loss 0.7726[0m
[root|VAL] 2019-07-11 15:56:26,810 > [37mepoch : 11 || loss_val : 0.6005 || Accuracy: 0.9786[0m
[root|TRAIN] 2019-07-11 15:56:26,820 > [37mEpoch 12 | Loss 0.6602[0m
[root|VAL] 2019-07-11 15:56:26,828 > [37mepoch : 12 || loss_val : 0.5215 || Accuracy: 0.9786[0m
[root|TRAIN] 2019-07-11 15:56:26,838 > [37mEpoch 13 | Loss 0.6012[0m
[root|VAL] 2019-07-11 15:56:26,846 > [37mepoch : 13 || loss_val : 0.4504 || Accuracy: 0.9786[0m
[root|TRAIN] 2019-07-11 15:56:26,857 > [37mEpoch 14 | Loss 0.5451[0m
[root|VAL] 2019-07-11 15:56:26,864 > [37mepoch : 14 || loss_val : 0.3878 || Accuracy: 0.9857[0m
[root|TRAIN] 2019-07-11 15:56:26,874 > [37mEpoch 15 | Loss 0.4776[0m
[root|VAL] 2019-07-11 15:56:26,882 > [37mepoch : 15 || loss_val : 0.3333 || Accuracy: 0.9857[0m
[root|TRAIN] 2019-07-11 15:56:26,892 > [37mEpoch 16 | Loss 0.3937[0m
[root|VAL] 2019-07-11 15:56:26,900 > [37mepoch : 16 || loss_val : 0.2862 || Accuracy: 0.9857[0m
[root|TRAIN] 2019-07-11 15:56:26,910 > [37mEpoch 17 | Loss 0.3234[0m
[root|VAL] 2019-07-11 15:56:26,918 > [37mepoch : 17 || loss_val : 0.2460 || Accuracy: 0.9857[0m
[root|TRAIN] 2019-07-11 15:56:26,928 > [37mEpoch 18 | Loss 0.3259[0m
[root|VAL] 2019-07-11 15:56:26,935 > [37mepoch : 18 || loss_val : 0.2116 || Accuracy: 0.9857[0m
[root|TRAIN] 2019-07-11 15:56:26,945 > [37mEpoch 19 | Loss 0.2906[0m
[root|VAL] 2019-07-11 15:56:26,954 > [37mepoch : 19 || loss_val : 0.1821 || Accuracy: 0.9857[0m
[root|TRAIN] 2019-07-11 15:56:26,964 > [37mEpoch 20 | Loss 0.2468[0m
[root|VAL] 2019-07-11 15:56:26,972 > [37mepoch : 20 || loss_val : 0.1567 || Accuracy: 0.9857[0m
[root|TRAIN] 2019-07-11 15:56:26,982 > [37mEpoch 21 | Loss 0.2407[0m
[root|VAL] 2019-07-11 15:56:26,990 > [37mepoch : 21 || loss_val : 0.1349 || Accuracy: 0.9857[0m
[root|TRAIN] 2019-07-11 15:56:27,000 > [37mEpoch 22 | Loss 0.2219[0m
[root|VAL] 2019-07-11 15:56:27,008 > [37mepoch : 22 || loss_val : 0.1164 || Accuracy: 0.9929[0m
[root|TRAIN] 2019-07-11 15:56:27,018 > [37mEpoch 23 | Loss 0.2059[0m
[root|VAL] 2019-07-11 15:56:27,026 > [37mepoch : 23 || loss_val : 0.1005 || Accuracy: 1.0000[0m
[root|TRAIN] 2019-07-11 15:56:27,036 > [37mEpoch 24 | Loss 0.1870[0m
[root|VAL] 2019-07-11 15:56:27,043 > [37mepoch : 24 || loss_val : 0.0872 || Accuracy: 1.0000[0m
[root|TRAIN] 2019-07-11 15:56:27,053 > [37mEpoch 25 | Loss 0.1654[0m
[root|VAL] 2019-07-11 15:56:27,061 > [37mepoch : 25 || loss_val : 0.0761 || Accuracy: 1.0000[0m
[root|TRAIN] 2019-07-11 15:56:27,071 > [37mEpoch 26 | Loss 0.1204[0m
[root|VAL] 2019-07-11 15:56:27,079 > [37mepoch : 26 || loss_val : 0.0669 || Accuracy: 1.0000[0m
[root|TRAIN] 2019-07-11 15:56:27,089 > [37mEpoch 27 | Loss 0.1177[0m
[root|VAL] 2019-07-11 15:56:27,097 > [37mepoch : 27 || loss_val : 0.0594 || Accuracy: 1.0000[0m
[root|TRAIN] 2019-07-11 15:56:27,107 > [37mEpoch 28 | Loss 0.1198[0m
[root|VAL] 2019-07-11 15:56:27,115 > [37mepoch : 28 || loss_val : 0.0531 || Accuracy: 1.0000[0m
[root|TRAIN] 2019-07-11 15:56:27,125 > [37mEpoch 29 | Loss 0.1137[0m
[root|VAL] 2019-07-11 15:56:27,133 > [37mepoch : 29 || loss_val : 0.0478 || Accuracy: 1.0000[0m
[root|TRAIN] 2019-07-11 15:56:27,144 > [37mEpoch 30 | Loss 0.1050[0m
[root|VAL] 2019-07-11 15:56:27,151 > [37mepoch : 30 || loss_val : 0.0427 || Accuracy: 1.0000[0m
[root|TRAIN] 2019-07-11 15:56:27,162 > [37mEpoch 31 | Loss 0.1110[0m
[root|VAL] 2019-07-11 15:56:27,169 > [37mepoch : 31 || loss_val : 0.0383 || Accuracy: 1.0000[0m
[root|TRAIN] 2019-07-11 15:56:27,180 > [37mEpoch 32 | Loss 0.1047[0m
[root|VAL] 2019-07-11 15:56:27,189 > [37mepoch : 32 || loss_val : 0.0344 || Accuracy: 1.0000[0m
[root|TRAIN] 2019-07-11 15:56:27,199 > [37mEpoch 33 | Loss 0.0775[0m
[root|VAL] 2019-07-11 15:56:27,207 > [37mepoch : 33 || loss_val : 0.0312 || Accuracy: 1.0000[0m
[root|TRAIN] 2019-07-11 15:56:27,218 > [37mEpoch 34 | Loss 0.0588[0m
[root|VAL] 2019-07-11 15:56:27,226 > [37mepoch : 34 || loss_val : 0.0285 || Accuracy: 1.0000[0m
[root|TRAIN] 2019-07-11 15:56:27,236 > [37mEpoch 35 | Loss 0.0904[0m
[root|VAL] 2019-07-11 15:56:27,244 > [37mepoch : 35 || loss_val : 0.0263 || Accuracy: 1.0000[0m
[root|TRAIN] 2019-07-11 15:56:27,254 > [37mEpoch 36 | Loss 0.0580[0m
[root|VAL] 2019-07-11 15:56:27,262 > [37mepoch : 36 || loss_val : 0.0244 || Accuracy: 1.0000[0m
[root|TRAIN] 2019-07-11 15:56:27,272 > [37mEpoch 37 | Loss 0.0943[0m
[root|VAL] 2019-07-11 15:56:27,280 > [37mepoch : 37 || loss_val : 0.0229 || Accuracy: 1.0000[0m
[root|TRAIN] 2019-07-11 15:56:27,290 > [37mEpoch 38 | Loss 0.0559[0m
[root|VAL] 2019-07-11 15:56:27,298 > [37mepoch : 38 || loss_val : 0.0215 || Accuracy: 1.0000[0m
[root|TRAIN] 2019-07-11 15:56:27,308 > [37mEpoch 39 | Loss 0.0476[0m
[root|VAL] 2019-07-11 15:56:27,316 > [37mepoch : 39 || loss_val : 0.0202 || Accuracy: 1.0000[0m
[root|TRAIN] 2019-07-11 15:56:27,327 > [37mEpoch 40 | Loss 0.0683[0m
[root|VAL] 2019-07-11 15:56:27,335 > [37mepoch : 40 || loss_val : 0.0190 || Accuracy: 1.0000[0m
[root|TRAIN] 2019-07-11 15:56:27,345 > [37mEpoch 41 | Loss 0.0677[0m
[root|VAL] 2019-07-11 15:56:27,353 > [37mepoch : 41 || loss_val : 0.0179 || Accuracy: 1.0000[0m
[root|TRAIN] 2019-07-11 15:56:27,363 > [37mEpoch 42 | Loss 0.0590[0m
[root|VAL] 2019-07-11 15:56:27,371 > [37mepoch : 42 || loss_val : 0.0170 || Accuracy: 1.0000[0m
[root|TRAIN] 2019-07-11 15:56:27,381 > [37mEpoch 43 | Loss 0.0426[0m
[root|VAL] 2019-07-11 15:56:27,389 > [37mepoch : 43 || loss_val : 0.0161 || Accuracy: 1.0000[0m
[root|TRAIN] 2019-07-11 15:56:27,399 > [37mEpoch 44 | Loss 0.0515[0m
[root|VAL] 2019-07-11 15:56:27,407 > [37mepoch : 44 || loss_val : 0.0153 || Accuracy: 1.0000[0m
[root|TRAIN] 2019-07-11 15:56:27,417 > [37mEpoch 45 | Loss 0.0724[0m
[root|VAL] 2019-07-11 15:56:27,425 > [37mepoch : 45 || loss_val : 0.0146 || Accuracy: 1.0000[0m
[root|TRAIN] 2019-07-11 15:56:27,435 > [37mEpoch 46 | Loss 0.0475[0m
[root|VAL] 2019-07-11 15:56:27,443 > [37mepoch : 46 || loss_val : 0.0141 || Accuracy: 1.0000[0m
[root|TRAIN] 2019-07-11 15:56:27,454 > [37mEpoch 47 | Loss 0.0437[0m
[root|VAL] 2019-07-11 15:56:27,461 > [37mepoch : 47 || loss_val : 0.0136 || Accuracy: 1.0000[0m
[root|TRAIN] 2019-07-11 15:56:27,472 > [37mEpoch 48 | Loss 0.0550[0m
[root|VAL] 2019-07-11 15:56:27,479 > [37mepoch : 48 || loss_val : 0.0132 || Accuracy: 1.0000[0m
[root|TRAIN] 2019-07-11 15:56:27,489 > [37mEpoch 49 | Loss 0.0406[0m
[root|VAL] 2019-07-11 15:56:27,497 > [37mepoch : 49 || loss_val : 0.0128 || Accuracy: 1.0000[0m
[root|INFO] 2019-07-11 15:56:27,497 > [37mOptimization Finished![0m
[root|INFO] 2019-07-11 15:56:27,497 > [37mTotal time elapsed: 1.1903s[0m
[root|TEST] 2019-07-11 15:56:27,504 > [37mFinal Accuracy is = 0.80096011816839[0m
[root|INFO] 2019-07-11 15:56:27,504 > [37mDone![0m
[root|INFO] 2019-07-11 16:28:17,444 > [37mRead Success![0m
[root|TRAIN] 2019-07-11 16:28:17,717 > [37mEpoch 0 | Loss 1.9569[0m
[root|VAL] 2019-07-11 16:28:17,735 > [37mepoch : 0 || loss_val : 1.8533 || Accuracy: 0.5714[0m
[root|TRAIN] 2019-07-11 16:28:17,747 > [37mEpoch 1 | Loss 1.8517[0m
[root|VAL] 2019-07-11 16:28:17,762 > [37mepoch : 1 || loss_val : 1.7407 || Accuracy: 0.7429[0m
[root|TRAIN] 2019-07-11 16:28:17,774 > [37mEpoch 2 | Loss 1.7409[0m
[root|VAL] 2019-07-11 16:28:17,784 > [37mepoch : 2 || loss_val : 1.6113 || Accuracy: 0.7714[0m
[root|TRAIN] 2019-07-11 16:28:17,796 > [37mEpoch 3 | Loss 1.6025[0m
[root|VAL] 2019-07-11 16:28:17,806 > [37mepoch : 3 || loss_val : 1.4788 || Accuracy: 0.7929[0m
[root|TRAIN] 2019-07-11 16:28:17,818 > [37mEpoch 4 | Loss 1.4916[0m
[root|VAL] 2019-07-11 16:28:17,828 > [37mepoch : 4 || loss_val : 1.3536 || Accuracy: 0.8143[0m
[root|TRAIN] 2019-07-11 16:28:17,839 > [37mEpoch 5 | Loss 1.3662[0m
[root|VAL] 2019-07-11 16:28:17,848 > [37mepoch : 5 || loss_val : 1.2308 || Accuracy: 0.8643[0m
[root|TRAIN] 2019-07-11 16:28:17,859 > [37mEpoch 6 | Loss 1.2514[0m
[root|VAL] 2019-07-11 16:28:17,867 > [37mepoch : 6 || loss_val : 1.1095 || Accuracy: 0.8929[0m
[root|TRAIN] 2019-07-11 16:28:17,878 > [37mEpoch 7 | Loss 1.1258[0m
[root|VAL] 2019-07-11 16:28:17,888 > [37mepoch : 7 || loss_val : 0.9918 || Accuracy: 0.9429[0m
[root|TRAIN] 2019-07-11 16:28:17,900 > [37mEpoch 8 | Loss 1.0486[0m
[root|VAL] 2019-07-11 16:28:17,909 > [37mepoch : 8 || loss_val : 0.8810 || Accuracy: 0.9643[0m
[root|TRAIN] 2019-07-11 16:28:17,920 > [37mEpoch 9 | Loss 0.9408[0m
[root|VAL] 2019-07-11 16:28:17,928 > [37mepoch : 9 || loss_val : 0.7794 || Accuracy: 0.9643[0m
[root|TRAIN] 2019-07-11 16:28:17,939 > [37mEpoch 10 | Loss 0.8294[0m
[root|VAL] 2019-07-11 16:28:17,947 > [37mepoch : 10 || loss_val : 0.6865 || Accuracy: 0.9714[0m
[root|TRAIN] 2019-07-11 16:28:17,958 > [37mEpoch 11 | Loss 0.7726[0m
[root|VAL] 2019-07-11 16:28:17,966 > [37mepoch : 11 || loss_val : 0.6005 || Accuracy: 0.9786[0m
[root|TRAIN] 2019-07-11 16:28:17,976 > [37mEpoch 12 | Loss 0.6602[0m
[root|VAL] 2019-07-11 16:28:17,985 > [37mepoch : 12 || loss_val : 0.5215 || Accuracy: 0.9786[0m
[root|TRAIN] 2019-07-11 16:28:17,995 > [37mEpoch 13 | Loss 0.6012[0m
[root|VAL] 2019-07-11 16:28:18,004 > [37mepoch : 13 || loss_val : 0.4504 || Accuracy: 0.9786[0m
[root|TRAIN] 2019-07-11 16:28:18,014 > [37mEpoch 14 | Loss 0.5451[0m
[root|VAL] 2019-07-11 16:28:18,023 > [37mepoch : 14 || loss_val : 0.3878 || Accuracy: 0.9857[0m
[root|TRAIN] 2019-07-11 16:28:18,034 > [37mEpoch 15 | Loss 0.4776[0m
[root|VAL] 2019-07-11 16:28:18,044 > [37mepoch : 15 || loss_val : 0.3333 || Accuracy: 0.9857[0m
[root|TRAIN] 2019-07-11 16:28:18,056 > [37mEpoch 16 | Loss 0.3937[0m
[root|VAL] 2019-07-11 16:28:18,065 > [37mepoch : 16 || loss_val : 0.2862 || Accuracy: 0.9857[0m
[root|TRAIN] 2019-07-11 16:28:18,077 > [37mEpoch 17 | Loss 0.3234[0m
[root|VAL] 2019-07-11 16:28:18,087 > [37mepoch : 17 || loss_val : 0.2460 || Accuracy: 0.9857[0m
[root|TRAIN] 2019-07-11 16:28:18,099 > [37mEpoch 18 | Loss 0.3259[0m
[root|VAL] 2019-07-11 16:28:18,109 > [37mepoch : 18 || loss_val : 0.2116 || Accuracy: 0.9857[0m
[root|TRAIN] 2019-07-11 16:28:18,121 > [37mEpoch 19 | Loss 0.2906[0m
[root|VAL] 2019-07-11 16:28:18,130 > [37mepoch : 19 || loss_val : 0.1821 || Accuracy: 0.9857[0m
[root|TRAIN] 2019-07-11 16:28:18,142 > [37mEpoch 20 | Loss 0.2468[0m
[root|VAL] 2019-07-11 16:28:18,152 > [37mepoch : 20 || loss_val : 0.1567 || Accuracy: 0.9857[0m
[root|TRAIN] 2019-07-11 16:28:18,164 > [37mEpoch 21 | Loss 0.2407[0m
[root|VAL] 2019-07-11 16:28:18,174 > [37mepoch : 21 || loss_val : 0.1349 || Accuracy: 0.9857[0m
[root|TRAIN] 2019-07-11 16:28:18,186 > [37mEpoch 22 | Loss 0.2219[0m
[root|VAL] 2019-07-11 16:28:18,196 > [37mepoch : 22 || loss_val : 0.1164 || Accuracy: 0.9929[0m
[root|TRAIN] 2019-07-11 16:28:18,208 > [37mEpoch 23 | Loss 0.2059[0m
[root|VAL] 2019-07-11 16:28:18,218 > [37mepoch : 23 || loss_val : 0.1005 || Accuracy: 1.0000[0m
[root|TRAIN] 2019-07-11 16:28:18,230 > [37mEpoch 24 | Loss 0.1870[0m
[root|VAL] 2019-07-11 16:28:18,240 > [37mepoch : 24 || loss_val : 0.0872 || Accuracy: 1.0000[0m
[root|TRAIN] 2019-07-11 16:28:18,252 > [37mEpoch 25 | Loss 0.1654[0m
[root|VAL] 2019-07-11 16:28:18,262 > [37mepoch : 25 || loss_val : 0.0761 || Accuracy: 1.0000[0m
[root|TRAIN] 2019-07-11 16:28:18,274 > [37mEpoch 26 | Loss 0.1204[0m
[root|VAL] 2019-07-11 16:28:18,283 > [37mepoch : 26 || loss_val : 0.0669 || Accuracy: 1.0000[0m
[root|TRAIN] 2019-07-11 16:28:18,295 > [37mEpoch 27 | Loss 0.1177[0m
[root|VAL] 2019-07-11 16:28:18,306 > [37mepoch : 27 || loss_val : 0.0594 || Accuracy: 1.0000[0m
[root|TRAIN] 2019-07-11 16:28:18,318 > [37mEpoch 28 | Loss 0.1198[0m
[root|VAL] 2019-07-11 16:28:18,328 > [37mepoch : 28 || loss_val : 0.0531 || Accuracy: 1.0000[0m
[root|TRAIN] 2019-07-11 16:28:18,340 > [37mEpoch 29 | Loss 0.1137[0m
[root|VAL] 2019-07-11 16:28:18,350 > [37mepoch : 29 || loss_val : 0.0478 || Accuracy: 1.0000[0m
[root|TRAIN] 2019-07-11 16:28:18,362 > [37mEpoch 30 | Loss 0.1050[0m
[root|VAL] 2019-07-11 16:28:18,371 > [37mepoch : 30 || loss_val : 0.0427 || Accuracy: 1.0000[0m
[root|TRAIN] 2019-07-11 16:28:18,383 > [37mEpoch 31 | Loss 0.1110[0m
[root|VAL] 2019-07-11 16:28:18,394 > [37mepoch : 31 || loss_val : 0.0383 || Accuracy: 1.0000[0m
[root|TRAIN] 2019-07-11 16:28:18,407 > [37mEpoch 32 | Loss 0.1047[0m
[root|VAL] 2019-07-11 16:28:18,417 > [37mepoch : 32 || loss_val : 0.0344 || Accuracy: 1.0000[0m
[root|TRAIN] 2019-07-11 16:28:18,428 > [37mEpoch 33 | Loss 0.0775[0m
[root|VAL] 2019-07-11 16:28:18,438 > [37mepoch : 33 || loss_val : 0.0312 || Accuracy: 1.0000[0m
[root|TRAIN] 2019-07-11 16:28:18,450 > [37mEpoch 34 | Loss 0.0588[0m
[root|VAL] 2019-07-11 16:28:18,459 > [37mepoch : 34 || loss_val : 0.0285 || Accuracy: 1.0000[0m
[root|TRAIN] 2019-07-11 16:28:18,469 > [37mEpoch 35 | Loss 0.0904[0m
[root|VAL] 2019-07-11 16:28:18,479 > [37mepoch : 35 || loss_val : 0.0263 || Accuracy: 1.0000[0m
[root|TRAIN] 2019-07-11 16:28:18,491 > [37mEpoch 36 | Loss 0.0580[0m
[root|VAL] 2019-07-11 16:28:18,501 > [37mepoch : 36 || loss_val : 0.0244 || Accuracy: 1.0000[0m
[root|TRAIN] 2019-07-11 16:28:18,513 > [37mEpoch 37 | Loss 0.0943[0m
[root|VAL] 2019-07-11 16:28:18,523 > [37mepoch : 37 || loss_val : 0.0229 || Accuracy: 1.0000[0m
[root|TRAIN] 2019-07-11 16:28:18,535 > [37mEpoch 38 | Loss 0.0559[0m
[root|VAL] 2019-07-11 16:28:18,545 > [37mepoch : 38 || loss_val : 0.0215 || Accuracy: 1.0000[0m
[root|TRAIN] 2019-07-11 16:28:18,557 > [37mEpoch 39 | Loss 0.0476[0m
[root|VAL] 2019-07-11 16:28:18,567 > [37mepoch : 39 || loss_val : 0.0202 || Accuracy: 1.0000[0m
[root|TRAIN] 2019-07-11 16:28:18,579 > [37mEpoch 40 | Loss 0.0683[0m
[root|VAL] 2019-07-11 16:28:18,589 > [37mepoch : 40 || loss_val : 0.0190 || Accuracy: 1.0000[0m
[root|TRAIN] 2019-07-11 16:28:18,601 > [37mEpoch 41 | Loss 0.0677[0m
[root|VAL] 2019-07-11 16:28:18,611 > [37mepoch : 41 || loss_val : 0.0179 || Accuracy: 1.0000[0m
[root|TRAIN] 2019-07-11 16:28:18,623 > [37mEpoch 42 | Loss 0.0590[0m
[root|VAL] 2019-07-11 16:28:18,633 > [37mepoch : 42 || loss_val : 0.0170 || Accuracy: 1.0000[0m
[root|TRAIN] 2019-07-11 16:28:18,645 > [37mEpoch 43 | Loss 0.0426[0m
[root|VAL] 2019-07-11 16:28:18,654 > [37mepoch : 43 || loss_val : 0.0161 || Accuracy: 1.0000[0m
[root|TRAIN] 2019-07-11 16:28:18,664 > [37mEpoch 44 | Loss 0.0515[0m
[root|VAL] 2019-07-11 16:28:18,672 > [37mepoch : 44 || loss_val : 0.0153 || Accuracy: 1.0000[0m
[root|TRAIN] 2019-07-11 16:28:18,682 > [37mEpoch 45 | Loss 0.0724[0m
[root|VAL] 2019-07-11 16:28:18,690 > [37mepoch : 45 || loss_val : 0.0146 || Accuracy: 1.0000[0m
[root|TRAIN] 2019-07-11 16:28:18,700 > [37mEpoch 46 | Loss 0.0475[0m
[root|VAL] 2019-07-11 16:28:18,708 > [37mepoch : 46 || loss_val : 0.0141 || Accuracy: 1.0000[0m
[root|TRAIN] 2019-07-11 16:28:18,718 > [37mEpoch 47 | Loss 0.0437[0m
[root|VAL] 2019-07-11 16:28:18,725 > [37mepoch : 47 || loss_val : 0.0136 || Accuracy: 1.0000[0m
[root|TRAIN] 2019-07-11 16:28:18,735 > [37mEpoch 48 | Loss 0.0550[0m
[root|VAL] 2019-07-11 16:28:18,743 > [37mepoch : 48 || loss_val : 0.0132 || Accuracy: 1.0000[0m
[root|TRAIN] 2019-07-11 16:28:18,753 > [37mEpoch 49 | Loss 0.0406[0m
[root|VAL] 2019-07-11 16:28:18,761 > [37mepoch : 49 || loss_val : 0.0128 || Accuracy: 1.0000[0m
[root|INFO] 2019-07-11 16:28:18,761 > [37mOptimization Finished![0m
[root|INFO] 2019-07-11 16:28:18,761 > [37mTotal time elapsed: 1.3161s[0m
[root|TEST] 2019-07-11 16:28:18,767 > [37mFinal Accuracy is = 0.80096011816839[0m
[root|INFO] 2019-07-11 16:28:18,767 > [37mDone![0m
