[root|INFO] 2019-07-11 16:58:05,715 > [37mRead Success![0m
[root|INFO] 2019-07-11 16:58:06,926 > [37mOptimization Finished![0m
[root|INFO] 2019-07-11 16:58:06,926 > [37mTotal time elapsed: 1.2107s[0m
[root|INFO] 2019-07-11 16:58:06,935 > [37mDone![0m
[Train|INFO] 2019-07-11 16:59:01,419 > [37mRead Success![0m
[Train|TRAIN] 2019-07-11 16:59:01,673 > [37mEpoch 0 | Loss 1.9569[0m
[Train|VAL] 2019-07-11 16:59:01,688 > [37mepoch : 0 || loss_val : 1.8533 || Accuracy: 0.5714[0m
[Train|TRAIN] 2019-07-11 16:59:01,698 > [37mEpoch 1 | Loss 1.8517[0m
[Train|VAL] 2019-07-11 16:59:01,711 > [37mepoch : 1 || loss_val : 1.7407 || Accuracy: 0.7429[0m
[Train|TRAIN] 2019-07-11 16:59:01,722 > [37mEpoch 2 | Loss 1.7409[0m
[Train|VAL] 2019-07-11 16:59:01,730 > [37mepoch : 2 || loss_val : 1.6113 || Accuracy: 0.7714[0m
[Train|TRAIN] 2019-07-11 16:59:01,740 > [37mEpoch 3 | Loss 1.6025[0m
[Train|VAL] 2019-07-11 16:59:01,747 > [37mepoch : 3 || loss_val : 1.4788 || Accuracy: 0.7929[0m
[Train|TRAIN] 2019-07-11 16:59:01,757 > [37mEpoch 4 | Loss 1.4916[0m
[Train|VAL] 2019-07-11 16:59:01,764 > [37mepoch : 4 || loss_val : 1.3536 || Accuracy: 0.8143[0m
[Train|TRAIN] 2019-07-11 16:59:01,773 > [37mEpoch 5 | Loss 1.3662[0m
[Train|VAL] 2019-07-11 16:59:01,780 > [37mepoch : 5 || loss_val : 1.2308 || Accuracy: 0.8643[0m
[Train|TRAIN] 2019-07-11 16:59:01,790 > [37mEpoch 6 | Loss 1.2514[0m
[Train|VAL] 2019-07-11 16:59:01,797 > [37mepoch : 6 || loss_val : 1.1095 || Accuracy: 0.8929[0m
[Train|TRAIN] 2019-07-11 16:59:01,806 > [37mEpoch 7 | Loss 1.1258[0m
[Train|VAL] 2019-07-11 16:59:01,813 > [37mepoch : 7 || loss_val : 0.9918 || Accuracy: 0.9429[0m
[Train|TRAIN] 2019-07-11 16:59:01,822 > [37mEpoch 8 | Loss 1.0486[0m
[Train|VAL] 2019-07-11 16:59:01,829 > [37mepoch : 8 || loss_val : 0.8810 || Accuracy: 0.9643[0m
[Train|TRAIN] 2019-07-11 16:59:01,838 > [37mEpoch 9 | Loss 0.9408[0m
[Train|VAL] 2019-07-11 16:59:01,845 > [37mepoch : 9 || loss_val : 0.7794 || Accuracy: 0.9643[0m
[Train|TRAIN] 2019-07-11 16:59:01,855 > [37mEpoch 10 | Loss 0.8294[0m
[Train|VAL] 2019-07-11 16:59:01,862 > [37mepoch : 10 || loss_val : 0.6865 || Accuracy: 0.9714[0m
[Train|TRAIN] 2019-07-11 16:59:01,871 > [37mEpoch 11 | Loss 0.7726[0m
[Train|VAL] 2019-07-11 16:59:01,878 > [37mepoch : 11 || loss_val : 0.6005 || Accuracy: 0.9786[0m
[Train|TRAIN] 2019-07-11 16:59:01,887 > [37mEpoch 12 | Loss 0.6602[0m
[Train|VAL] 2019-07-11 16:59:01,895 > [37mepoch : 12 || loss_val : 0.5215 || Accuracy: 0.9786[0m
[Train|TRAIN] 2019-07-11 16:59:01,904 > [37mEpoch 13 | Loss 0.6012[0m
[Train|VAL] 2019-07-11 16:59:01,912 > [37mepoch : 13 || loss_val : 0.4504 || Accuracy: 0.9786[0m
[Train|TRAIN] 2019-07-11 16:59:01,921 > [37mEpoch 14 | Loss 0.5451[0m
[Train|VAL] 2019-07-11 16:59:01,929 > [37mepoch : 14 || loss_val : 0.3878 || Accuracy: 0.9857[0m
[Train|TRAIN] 2019-07-11 16:59:01,939 > [37mEpoch 15 | Loss 0.4776[0m
[Train|VAL] 2019-07-11 16:59:01,947 > [37mepoch : 15 || loss_val : 0.3333 || Accuracy: 0.9857[0m
[Train|TRAIN] 2019-07-11 16:59:01,957 > [37mEpoch 16 | Loss 0.3937[0m
[Train|VAL] 2019-07-11 16:59:01,966 > [37mepoch : 16 || loss_val : 0.2862 || Accuracy: 0.9857[0m
[Train|TRAIN] 2019-07-11 16:59:01,976 > [37mEpoch 17 | Loss 0.3234[0m
[Train|VAL] 2019-07-11 16:59:01,985 > [37mepoch : 17 || loss_val : 0.2460 || Accuracy: 0.9857[0m
[Train|TRAIN] 2019-07-11 16:59:01,995 > [37mEpoch 18 | Loss 0.3259[0m
[Train|VAL] 2019-07-11 16:59:02,004 > [37mepoch : 18 || loss_val : 0.2116 || Accuracy: 0.9857[0m
[Train|TRAIN] 2019-07-11 16:59:02,014 > [37mEpoch 19 | Loss 0.2906[0m
[Train|VAL] 2019-07-11 16:59:02,022 > [37mepoch : 19 || loss_val : 0.1821 || Accuracy: 0.9857[0m
[Train|TRAIN] 2019-07-11 16:59:02,032 > [37mEpoch 20 | Loss 0.2468[0m
[Train|VAL] 2019-07-11 16:59:02,041 > [37mepoch : 20 || loss_val : 0.1567 || Accuracy: 0.9857[0m
[Train|TRAIN] 2019-07-11 16:59:02,050 > [37mEpoch 21 | Loss 0.2407[0m
[Train|VAL] 2019-07-11 16:59:02,058 > [37mepoch : 21 || loss_val : 0.1349 || Accuracy: 0.9857[0m
[Train|TRAIN] 2019-07-11 16:59:02,067 > [37mEpoch 22 | Loss 0.2219[0m
[Train|VAL] 2019-07-11 16:59:02,074 > [37mepoch : 22 || loss_val : 0.1164 || Accuracy: 0.9929[0m
[Train|TRAIN] 2019-07-11 16:59:02,085 > [37mEpoch 23 | Loss 0.2059[0m
[Train|VAL] 2019-07-11 16:59:02,093 > [37mepoch : 23 || loss_val : 0.1005 || Accuracy: 1.0000[0m
[Train|TRAIN] 2019-07-11 16:59:02,104 > [37mEpoch 24 | Loss 0.1870[0m
[Train|VAL] 2019-07-11 16:59:02,111 > [37mepoch : 24 || loss_val : 0.0872 || Accuracy: 1.0000[0m
[Train|TRAIN] 2019-07-11 16:59:02,122 > [37mEpoch 25 | Loss 0.1654[0m
[Train|VAL] 2019-07-11 16:59:02,129 > [37mepoch : 25 || loss_val : 0.0761 || Accuracy: 1.0000[0m
[Train|TRAIN] 2019-07-11 16:59:02,140 > [37mEpoch 26 | Loss 0.1204[0m
[Train|VAL] 2019-07-11 16:59:02,148 > [37mepoch : 26 || loss_val : 0.0669 || Accuracy: 1.0000[0m
[Train|TRAIN] 2019-07-11 16:59:02,158 > [37mEpoch 27 | Loss 0.1177[0m
[Train|VAL] 2019-07-11 16:59:02,166 > [37mepoch : 27 || loss_val : 0.0594 || Accuracy: 1.0000[0m
[Train|TRAIN] 2019-07-11 16:59:02,177 > [37mEpoch 28 | Loss 0.1198[0m
[Train|VAL] 2019-07-11 16:59:02,185 > [37mepoch : 28 || loss_val : 0.0531 || Accuracy: 1.0000[0m
[Train|TRAIN] 2019-07-11 16:59:02,195 > [37mEpoch 29 | Loss 0.1137[0m
[Train|VAL] 2019-07-11 16:59:02,203 > [37mepoch : 29 || loss_val : 0.0478 || Accuracy: 1.0000[0m
[Train|TRAIN] 2019-07-11 16:59:02,213 > [37mEpoch 30 | Loss 0.1050[0m
[Train|VAL] 2019-07-11 16:59:02,221 > [37mepoch : 30 || loss_val : 0.0427 || Accuracy: 1.0000[0m
[Train|TRAIN] 2019-07-11 16:59:02,231 > [37mEpoch 31 | Loss 0.1110[0m
[Train|VAL] 2019-07-11 16:59:02,240 > [37mepoch : 31 || loss_val : 0.0383 || Accuracy: 1.0000[0m
[Train|TRAIN] 2019-07-11 16:59:02,249 > [37mEpoch 32 | Loss 0.1047[0m
[Train|VAL] 2019-07-11 16:59:02,258 > [37mepoch : 32 || loss_val : 0.0344 || Accuracy: 1.0000[0m
[Train|TRAIN] 2019-07-11 16:59:02,268 > [37mEpoch 33 | Loss 0.0775[0m
[Train|VAL] 2019-07-11 16:59:02,276 > [37mepoch : 33 || loss_val : 0.0312 || Accuracy: 1.0000[0m
[Train|TRAIN] 2019-07-11 16:59:02,286 > [37mEpoch 34 | Loss 0.0588[0m
[Train|VAL] 2019-07-11 16:59:02,295 > [37mepoch : 34 || loss_val : 0.0285 || Accuracy: 1.0000[0m
[Train|TRAIN] 2019-07-11 16:59:02,305 > [37mEpoch 35 | Loss 0.0904[0m
[Train|VAL] 2019-07-11 16:59:02,313 > [37mepoch : 35 || loss_val : 0.0263 || Accuracy: 1.0000[0m
[Train|TRAIN] 2019-07-11 16:59:02,324 > [37mEpoch 36 | Loss 0.0580[0m
[Train|VAL] 2019-07-11 16:59:02,332 > [37mepoch : 36 || loss_val : 0.0244 || Accuracy: 1.0000[0m
[Train|TRAIN] 2019-07-11 16:59:02,342 > [37mEpoch 37 | Loss 0.0943[0m
[Train|VAL] 2019-07-11 16:59:02,350 > [37mepoch : 37 || loss_val : 0.0229 || Accuracy: 1.0000[0m
[Train|TRAIN] 2019-07-11 16:59:02,360 > [37mEpoch 38 | Loss 0.0559[0m
[Train|VAL] 2019-07-11 16:59:02,368 > [37mepoch : 38 || loss_val : 0.0215 || Accuracy: 1.0000[0m
[Train|TRAIN] 2019-07-11 16:59:02,378 > [37mEpoch 39 | Loss 0.0476[0m
[Train|VAL] 2019-07-11 16:59:02,387 > [37mepoch : 39 || loss_val : 0.0202 || Accuracy: 1.0000[0m
[Train|TRAIN] 2019-07-11 16:59:02,397 > [37mEpoch 40 | Loss 0.0683[0m
[Train|VAL] 2019-07-11 16:59:02,405 > [37mepoch : 40 || loss_val : 0.0190 || Accuracy: 1.0000[0m
[Train|TRAIN] 2019-07-11 16:59:02,415 > [37mEpoch 41 | Loss 0.0677[0m
[Train|VAL] 2019-07-11 16:59:02,422 > [37mepoch : 41 || loss_val : 0.0179 || Accuracy: 1.0000[0m
[Train|TRAIN] 2019-07-11 16:59:02,431 > [37mEpoch 42 | Loss 0.0590[0m
[Train|VAL] 2019-07-11 16:59:02,438 > [37mepoch : 42 || loss_val : 0.0170 || Accuracy: 1.0000[0m
[Train|TRAIN] 2019-07-11 16:59:02,448 > [37mEpoch 43 | Loss 0.0426[0m
[Train|VAL] 2019-07-11 16:59:02,455 > [37mepoch : 43 || loss_val : 0.0161 || Accuracy: 1.0000[0m
[Train|TRAIN] 2019-07-11 16:59:02,464 > [37mEpoch 44 | Loss 0.0515[0m
[Train|VAL] 2019-07-11 16:59:02,471 > [37mepoch : 44 || loss_val : 0.0153 || Accuracy: 1.0000[0m
[Train|TRAIN] 2019-07-11 16:59:02,480 > [37mEpoch 45 | Loss 0.0724[0m
[Train|VAL] 2019-07-11 16:59:02,487 > [37mepoch : 45 || loss_val : 0.0146 || Accuracy: 1.0000[0m
[Train|TRAIN] 2019-07-11 16:59:02,496 > [37mEpoch 46 | Loss 0.0475[0m
[Train|VAL] 2019-07-11 16:59:02,503 > [37mepoch : 46 || loss_val : 0.0141 || Accuracy: 1.0000[0m
[Train|TRAIN] 2019-07-11 16:59:02,512 > [37mEpoch 47 | Loss 0.0437[0m
[Train|VAL] 2019-07-11 16:59:02,519 > [37mepoch : 47 || loss_val : 0.0136 || Accuracy: 1.0000[0m
[Train|TRAIN] 2019-07-11 16:59:02,529 > [37mEpoch 48 | Loss 0.0550[0m
[Train|VAL] 2019-07-11 16:59:02,537 > [37mepoch : 48 || loss_val : 0.0132 || Accuracy: 1.0000[0m
[Train|TRAIN] 2019-07-11 16:59:02,547 > [37mEpoch 49 | Loss 0.0406[0m
[Train|VAL] 2019-07-11 16:59:02,556 > [37mepoch : 49 || loss_val : 0.0128 || Accuracy: 1.0000[0m
[Train|INFO] 2019-07-11 16:59:02,556 > [37mOptimization Finished![0m
[Train|INFO] 2019-07-11 16:59:02,556 > [37mTotal time elapsed: 1.1370s[0m
[Train|TEST] 2019-07-11 16:59:02,562 > [37mFinal Accuracy is = 0.80096011816839[0m
[Train|INFO] 2019-07-11 16:59:02,562 > [37mDone![0m
[Train|INFO] 2019-07-12 10:52:31,306 > [37mRead Success![0m
[Train|TRAIN] 2019-07-12 10:52:31,580 > [37mEpoch 0 | Loss 1.9569[0m
[Train|VAL] 2019-07-12 10:52:31,594 > [37mepoch : 0 || loss_val : 1.8533 || Accuracy: 0.5714[0m
[Train|TRAIN] 2019-07-12 10:52:31,604 > [37mEpoch 1 | Loss 1.8517[0m
[Train|VAL] 2019-07-12 10:52:31,611 > [37mepoch : 1 || loss_val : 1.7407 || Accuracy: 0.7429[0m
[Train|TRAIN] 2019-07-12 10:52:31,620 > [37mEpoch 2 | Loss 1.7409[0m
[Train|VAL] 2019-07-12 10:52:31,627 > [37mepoch : 2 || loss_val : 1.6113 || Accuracy: 0.7714[0m
[Train|TRAIN] 2019-07-12 10:52:31,636 > [37mEpoch 3 | Loss 1.6025[0m
[Train|VAL] 2019-07-12 10:52:31,642 > [37mepoch : 3 || loss_val : 1.4788 || Accuracy: 0.7929[0m
[Train|TRAIN] 2019-07-12 10:52:31,651 > [37mEpoch 4 | Loss 1.4916[0m
[Train|VAL] 2019-07-12 10:52:31,657 > [37mepoch : 4 || loss_val : 1.3536 || Accuracy: 0.8143[0m
[Train|TRAIN] 2019-07-12 10:52:31,666 > [37mEpoch 5 | Loss 1.3662[0m
[Train|VAL] 2019-07-12 10:52:31,672 > [37mepoch : 5 || loss_val : 1.2308 || Accuracy: 0.8643[0m
[Train|TRAIN] 2019-07-12 10:52:31,681 > [37mEpoch 6 | Loss 1.2514[0m
[Train|VAL] 2019-07-12 10:52:31,687 > [37mepoch : 6 || loss_val : 1.1095 || Accuracy: 0.8929[0m
[Train|TRAIN] 2019-07-12 10:52:31,696 > [37mEpoch 7 | Loss 1.1258[0m
[Train|VAL] 2019-07-12 10:52:31,702 > [37mepoch : 7 || loss_val : 0.9918 || Accuracy: 0.9429[0m
[Train|TRAIN] 2019-07-12 10:52:31,711 > [37mEpoch 8 | Loss 1.0486[0m
[Train|VAL] 2019-07-12 10:52:31,717 > [37mepoch : 8 || loss_val : 0.8810 || Accuracy: 0.9643[0m
[Train|TRAIN] 2019-07-12 10:52:31,725 > [37mEpoch 9 | Loss 0.9408[0m
[Train|VAL] 2019-07-12 10:52:31,732 > [37mepoch : 9 || loss_val : 0.7794 || Accuracy: 0.9643[0m
[Train|TRAIN] 2019-07-12 10:52:31,740 > [37mEpoch 10 | Loss 0.8294[0m
[Train|VAL] 2019-07-12 10:52:31,747 > [37mepoch : 10 || loss_val : 0.6865 || Accuracy: 0.9714[0m
[Train|TRAIN] 2019-07-12 10:52:31,755 > [37mEpoch 11 | Loss 0.7726[0m
[Train|VAL] 2019-07-12 10:52:31,762 > [37mepoch : 11 || loss_val : 0.6005 || Accuracy: 0.9786[0m
[Train|TRAIN] 2019-07-12 10:52:31,770 > [37mEpoch 12 | Loss 0.6602[0m
[Train|VAL] 2019-07-12 10:52:31,777 > [37mepoch : 12 || loss_val : 0.5215 || Accuracy: 0.9786[0m
[Train|TRAIN] 2019-07-12 10:52:31,785 > [37mEpoch 13 | Loss 0.6012[0m
[Train|VAL] 2019-07-12 10:52:31,792 > [37mepoch : 13 || loss_val : 0.4504 || Accuracy: 0.9786[0m
[Train|TRAIN] 2019-07-12 10:52:31,800 > [37mEpoch 14 | Loss 0.5451[0m
[Train|VAL] 2019-07-12 10:52:31,807 > [37mepoch : 14 || loss_val : 0.3878 || Accuracy: 0.9857[0m
[Train|TRAIN] 2019-07-12 10:52:31,817 > [37mEpoch 15 | Loss 0.4776[0m
[Train|VAL] 2019-07-12 10:52:31,823 > [37mepoch : 15 || loss_val : 0.3333 || Accuracy: 0.9857[0m
[Train|TRAIN] 2019-07-12 10:52:31,832 > [37mEpoch 16 | Loss 0.3937[0m
[Train|VAL] 2019-07-12 10:52:31,838 > [37mepoch : 16 || loss_val : 0.2862 || Accuracy: 0.9857[0m
[Train|TRAIN] 2019-07-12 10:52:31,847 > [37mEpoch 17 | Loss 0.3234[0m
[Train|VAL] 2019-07-12 10:52:31,854 > [37mepoch : 17 || loss_val : 0.2460 || Accuracy: 0.9857[0m
[Train|TRAIN] 2019-07-12 10:52:31,862 > [37mEpoch 18 | Loss 0.3259[0m
[Train|VAL] 2019-07-12 10:52:31,868 > [37mepoch : 18 || loss_val : 0.2116 || Accuracy: 0.9857[0m
[Train|TRAIN] 2019-07-12 10:52:31,877 > [37mEpoch 19 | Loss 0.2906[0m
[Train|VAL] 2019-07-12 10:52:31,883 > [37mepoch : 19 || loss_val : 0.1821 || Accuracy: 0.9857[0m
[Train|TRAIN] 2019-07-12 10:52:31,892 > [37mEpoch 20 | Loss 0.2468[0m
[Train|VAL] 2019-07-12 10:52:31,898 > [37mepoch : 20 || loss_val : 0.1567 || Accuracy: 0.9857[0m
[Train|TRAIN] 2019-07-12 10:52:31,907 > [37mEpoch 21 | Loss 0.2407[0m
[Train|VAL] 2019-07-12 10:52:31,914 > [37mepoch : 21 || loss_val : 0.1349 || Accuracy: 0.9857[0m
[Train|TRAIN] 2019-07-12 10:52:31,923 > [37mEpoch 22 | Loss 0.2219[0m
[Train|VAL] 2019-07-12 10:52:31,929 > [37mepoch : 22 || loss_val : 0.1164 || Accuracy: 0.9929[0m
[Train|TRAIN] 2019-07-12 10:52:31,938 > [37mEpoch 23 | Loss 0.2059[0m
[Train|VAL] 2019-07-12 10:52:31,945 > [37mepoch : 23 || loss_val : 0.1005 || Accuracy: 1.0000[0m
[Train|TRAIN] 2019-07-12 10:52:31,954 > [37mEpoch 24 | Loss 0.1870[0m
[Train|VAL] 2019-07-12 10:52:31,961 > [37mepoch : 24 || loss_val : 0.0872 || Accuracy: 1.0000[0m
[Train|TRAIN] 2019-07-12 10:52:31,969 > [37mEpoch 25 | Loss 0.1654[0m
[Train|VAL] 2019-07-12 10:52:31,975 > [37mepoch : 25 || loss_val : 0.0761 || Accuracy: 1.0000[0m
[Train|TRAIN] 2019-07-12 10:52:31,984 > [37mEpoch 26 | Loss 0.1204[0m
[Train|VAL] 2019-07-12 10:52:31,990 > [37mepoch : 26 || loss_val : 0.0669 || Accuracy: 1.0000[0m
[Train|TRAIN] 2019-07-12 10:52:31,999 > [37mEpoch 27 | Loss 0.1177[0m
[Train|VAL] 2019-07-12 10:52:32,005 > [37mepoch : 27 || loss_val : 0.0594 || Accuracy: 1.0000[0m
[Train|TRAIN] 2019-07-12 10:52:32,014 > [37mEpoch 28 | Loss 0.1198[0m
[Train|VAL] 2019-07-12 10:52:32,021 > [37mepoch : 28 || loss_val : 0.0531 || Accuracy: 1.0000[0m
[Train|TRAIN] 2019-07-12 10:52:32,029 > [37mEpoch 29 | Loss 0.1137[0m
[Train|VAL] 2019-07-12 10:52:32,035 > [37mepoch : 29 || loss_val : 0.0478 || Accuracy: 1.0000[0m
[Train|TRAIN] 2019-07-12 10:52:32,044 > [37mEpoch 30 | Loss 0.1050[0m
[Train|VAL] 2019-07-12 10:52:32,050 > [37mepoch : 30 || loss_val : 0.0427 || Accuracy: 1.0000[0m
[Train|TRAIN] 2019-07-12 10:52:32,060 > [37mEpoch 31 | Loss 0.1110[0m
[Train|VAL] 2019-07-12 10:52:32,067 > [37mepoch : 31 || loss_val : 0.0383 || Accuracy: 1.0000[0m
[Train|TRAIN] 2019-07-12 10:52:32,076 > [37mEpoch 32 | Loss 0.1047[0m
[Train|VAL] 2019-07-12 10:52:32,082 > [37mepoch : 32 || loss_val : 0.0344 || Accuracy: 1.0000[0m
[Train|TRAIN] 2019-07-12 10:52:32,091 > [37mEpoch 33 | Loss 0.0775[0m
[Train|VAL] 2019-07-12 10:52:32,097 > [37mepoch : 33 || loss_val : 0.0312 || Accuracy: 1.0000[0m
[Train|TRAIN] 2019-07-12 10:52:32,106 > [37mEpoch 34 | Loss 0.0588[0m
[Train|VAL] 2019-07-12 10:52:32,112 > [37mepoch : 34 || loss_val : 0.0285 || Accuracy: 1.0000[0m
[Train|TRAIN] 2019-07-12 10:52:32,121 > [37mEpoch 35 | Loss 0.0904[0m
[Train|VAL] 2019-07-12 10:52:32,127 > [37mepoch : 35 || loss_val : 0.0263 || Accuracy: 1.0000[0m
[Train|TRAIN] 2019-07-12 10:52:32,136 > [37mEpoch 36 | Loss 0.0580[0m
[Train|VAL] 2019-07-12 10:52:32,142 > [37mepoch : 36 || loss_val : 0.0244 || Accuracy: 1.0000[0m
[Train|TRAIN] 2019-07-12 10:52:32,151 > [37mEpoch 37 | Loss 0.0943[0m
[Train|VAL] 2019-07-12 10:52:32,157 > [37mepoch : 37 || loss_val : 0.0229 || Accuracy: 1.0000[0m
[Train|TRAIN] 2019-07-12 10:52:32,166 > [37mEpoch 38 | Loss 0.0559[0m
[Train|VAL] 2019-07-12 10:52:32,172 > [37mepoch : 38 || loss_val : 0.0215 || Accuracy: 1.0000[0m
[Train|TRAIN] 2019-07-12 10:52:32,181 > [37mEpoch 39 | Loss 0.0476[0m
[Train|VAL] 2019-07-12 10:52:32,187 > [37mepoch : 39 || loss_val : 0.0202 || Accuracy: 1.0000[0m
[Train|TRAIN] 2019-07-12 10:52:32,195 > [37mEpoch 40 | Loss 0.0683[0m
[Train|VAL] 2019-07-12 10:52:32,201 > [37mepoch : 40 || loss_val : 0.0190 || Accuracy: 1.0000[0m
[Train|TRAIN] 2019-07-12 10:52:32,210 > [37mEpoch 41 | Loss 0.0677[0m
[Train|VAL] 2019-07-12 10:52:32,216 > [37mepoch : 41 || loss_val : 0.0179 || Accuracy: 1.0000[0m
[Train|TRAIN] 2019-07-12 10:52:32,226 > [37mEpoch 42 | Loss 0.0590[0m
[Train|VAL] 2019-07-12 10:52:32,232 > [37mepoch : 42 || loss_val : 0.0170 || Accuracy: 1.0000[0m
[Train|TRAIN] 2019-07-12 10:52:32,241 > [37mEpoch 43 | Loss 0.0426[0m
[Train|VAL] 2019-07-12 10:52:32,247 > [37mepoch : 43 || loss_val : 0.0161 || Accuracy: 1.0000[0m
[Train|TRAIN] 2019-07-12 10:52:32,256 > [37mEpoch 44 | Loss 0.0515[0m
[Train|VAL] 2019-07-12 10:52:32,262 > [37mepoch : 44 || loss_val : 0.0153 || Accuracy: 1.0000[0m
[Train|TRAIN] 2019-07-12 10:52:32,271 > [37mEpoch 45 | Loss 0.0724[0m
[Train|VAL] 2019-07-12 10:52:32,277 > [37mepoch : 45 || loss_val : 0.0146 || Accuracy: 1.0000[0m
[Train|TRAIN] 2019-07-12 10:52:32,286 > [37mEpoch 46 | Loss 0.0475[0m
[Train|VAL] 2019-07-12 10:52:32,292 > [37mepoch : 46 || loss_val : 0.0141 || Accuracy: 1.0000[0m
[Train|TRAIN] 2019-07-12 10:52:32,301 > [37mEpoch 47 | Loss 0.0437[0m
[Train|VAL] 2019-07-12 10:52:32,307 > [37mepoch : 47 || loss_val : 0.0136 || Accuracy: 1.0000[0m
[Train|TRAIN] 2019-07-12 10:52:32,316 > [37mEpoch 48 | Loss 0.0550[0m
[Train|VAL] 2019-07-12 10:52:32,322 > [37mepoch : 48 || loss_val : 0.0132 || Accuracy: 1.0000[0m
[Train|TRAIN] 2019-07-12 10:52:32,332 > [37mEpoch 49 | Loss 0.0406[0m
[Train|VAL] 2019-07-12 10:52:32,339 > [37mepoch : 49 || loss_val : 0.0128 || Accuracy: 1.0000[0m
[Train|INFO] 2019-07-12 10:52:32,339 > [37mOptimization Finished![0m
[Train|INFO] 2019-07-12 10:52:32,339 > [37mTotal time elapsed: 1.0326s[0m
[Train|TEST] 2019-07-12 10:52:32,344 > [37mFinal Accuracy is = 0.80096011816839[0m
[Train|INFO] 2019-07-12 10:52:32,344 > [37mDone![0m
[Train|INFO] 2019-07-12 16:08:31,381 > [37mRead Success![0m
[Train|TRAIN] 2019-07-12 16:08:31,645 > [37mEpoch 0 | Loss 1.9469[0m
[Train|VAL] 2019-07-12 16:08:31,668 > [37mepoch : 0 || loss_val : 1.9278 || Accuracy: 0.2214[0m
[Train|TRAIN] 2019-07-12 16:08:31,682 > [37mEpoch 1 | Loss 1.9311[0m
[Train|VAL] 2019-07-12 16:08:31,696 > [37mepoch : 1 || loss_val : 1.8993 || Accuracy: 0.2571[0m
[Train|TRAIN] 2019-07-12 16:08:31,710 > [37mEpoch 2 | Loss 1.8990[0m
[Train|VAL] 2019-07-12 16:08:31,718 > [37mepoch : 2 || loss_val : 1.8602 || Accuracy: 0.2071[0m
[Train|TRAIN] 2019-07-12 16:08:31,730 > [37mEpoch 3 | Loss 1.8633[0m
[Train|VAL] 2019-07-12 16:08:31,738 > [37mepoch : 3 || loss_val : 1.8121 || Accuracy: 0.2286[0m
[Train|TRAIN] 2019-07-12 16:08:31,750 > [37mEpoch 4 | Loss 1.8325[0m
[Train|VAL] 2019-07-12 16:08:31,758 > [37mepoch : 4 || loss_val : 1.7550 || Accuracy: 0.3857[0m
[Train|TRAIN] 2019-07-12 16:08:31,769 > [37mEpoch 5 | Loss 1.7707[0m
[Train|VAL] 2019-07-12 16:08:31,777 > [37mepoch : 5 || loss_val : 1.6930 || Accuracy: 0.4286[0m
[Train|TRAIN] 2019-07-12 16:08:31,789 > [37mEpoch 6 | Loss 1.7027[0m
[Train|VAL] 2019-07-12 16:08:31,797 > [37mepoch : 6 || loss_val : 1.6272 || Accuracy: 0.4929[0m
[Train|TRAIN] 2019-07-12 16:08:31,809 > [37mEpoch 7 | Loss 1.6945[0m
[Train|VAL] 2019-07-12 16:08:31,817 > [37mepoch : 7 || loss_val : 1.5625 || Accuracy: 0.5286[0m
[Train|TRAIN] 2019-07-12 16:08:31,829 > [37mEpoch 8 | Loss 1.5869[0m
[Train|VAL] 2019-07-12 16:08:31,838 > [37mepoch : 8 || loss_val : 1.4944 || Accuracy: 0.5571[0m
[Train|TRAIN] 2019-07-12 16:08:31,849 > [37mEpoch 9 | Loss 1.5870[0m
[Train|VAL] 2019-07-12 16:08:31,857 > [37mepoch : 9 || loss_val : 1.4272 || Accuracy: 0.6571[0m
[Train|TRAIN] 2019-07-12 16:08:31,869 > [37mEpoch 10 | Loss 1.4880[0m
[Train|VAL] 2019-07-12 16:08:31,877 > [37mepoch : 10 || loss_val : 1.3567 || Accuracy: 0.7714[0m
[Train|TRAIN] 2019-07-12 16:08:31,889 > [37mEpoch 11 | Loss 1.4745[0m
[Train|VAL] 2019-07-12 16:08:31,897 > [37mepoch : 11 || loss_val : 1.2846 || Accuracy: 0.7857[0m
[Train|TRAIN] 2019-07-12 16:08:31,908 > [37mEpoch 12 | Loss 1.3787[0m
[Train|VAL] 2019-07-12 16:08:31,917 > [37mepoch : 12 || loss_val : 1.2075 || Accuracy: 0.7500[0m
[Train|TRAIN] 2019-07-12 16:08:31,928 > [37mEpoch 13 | Loss 1.3097[0m
[Train|VAL] 2019-07-12 16:08:31,937 > [37mepoch : 13 || loss_val : 1.1263 || Accuracy: 0.7643[0m
[Train|TRAIN] 2019-07-12 16:08:31,949 > [37mEpoch 14 | Loss 1.2366[0m
[Train|VAL] 2019-07-12 16:08:31,957 > [37mepoch : 14 || loss_val : 1.0417 || Accuracy: 0.8286[0m
[Train|TRAIN] 2019-07-12 16:08:31,969 > [37mEpoch 15 | Loss 1.1677[0m
[Train|VAL] 2019-07-12 16:08:31,977 > [37mepoch : 15 || loss_val : 0.9597 || Accuracy: 0.8357[0m
[Train|TRAIN] 2019-07-12 16:08:31,989 > [37mEpoch 16 | Loss 1.1135[0m
[Train|VAL] 2019-07-12 16:08:31,997 > [37mepoch : 16 || loss_val : 0.8773 || Accuracy: 0.8643[0m
[Train|TRAIN] 2019-07-12 16:08:32,008 > [37mEpoch 17 | Loss 1.0397[0m
[Train|VAL] 2019-07-12 16:08:32,017 > [37mepoch : 17 || loss_val : 0.7927 || Accuracy: 0.8643[0m
[Train|TRAIN] 2019-07-12 16:08:32,028 > [37mEpoch 18 | Loss 0.9966[0m
[Train|VAL] 2019-07-12 16:08:32,037 > [37mepoch : 18 || loss_val : 0.7038 || Accuracy: 0.8429[0m
[Train|TRAIN] 2019-07-12 16:08:32,048 > [37mEpoch 19 | Loss 0.9544[0m
[Train|VAL] 2019-07-12 16:08:32,057 > [37mepoch : 19 || loss_val : 0.6302 || Accuracy: 0.8429[0m
[Train|TRAIN] 2019-07-12 16:08:32,068 > [37mEpoch 20 | Loss 0.8228[0m
[Train|VAL] 2019-07-12 16:08:32,076 > [37mepoch : 20 || loss_val : 0.5645 || Accuracy: 0.8929[0m
[Train|TRAIN] 2019-07-12 16:08:32,088 > [37mEpoch 21 | Loss 0.8059[0m
[Train|VAL] 2019-07-12 16:08:32,096 > [37mepoch : 21 || loss_val : 0.5075 || Accuracy: 0.9214[0m
[Train|TRAIN] 2019-07-12 16:08:32,108 > [37mEpoch 22 | Loss 0.7491[0m
[Train|VAL] 2019-07-12 16:08:32,116 > [37mepoch : 22 || loss_val : 0.4613 || Accuracy: 0.9500[0m
[Train|TRAIN] 2019-07-12 16:08:32,128 > [37mEpoch 23 | Loss 0.7170[0m
[Train|VAL] 2019-07-12 16:08:32,137 > [37mepoch : 23 || loss_val : 0.4223 || Accuracy: 0.9714[0m
[Train|TRAIN] 2019-07-12 16:08:32,150 > [37mEpoch 24 | Loss 0.5873[0m
[Train|VAL] 2019-07-12 16:08:32,159 > [37mepoch : 24 || loss_val : 0.3868 || Accuracy: 0.9643[0m
[Train|TRAIN] 2019-07-12 16:08:32,171 > [37mEpoch 25 | Loss 0.6080[0m
[Train|VAL] 2019-07-12 16:08:32,179 > [37mepoch : 25 || loss_val : 0.3451 || Accuracy: 0.9714[0m
[Train|TRAIN] 2019-07-12 16:08:32,191 > [37mEpoch 26 | Loss 0.6504[0m
[Train|VAL] 2019-07-12 16:08:32,199 > [37mepoch : 26 || loss_val : 0.3119 || Accuracy: 0.9714[0m
[Train|TRAIN] 2019-07-12 16:08:32,211 > [37mEpoch 27 | Loss 0.5634[0m
[Train|VAL] 2019-07-12 16:08:32,219 > [37mepoch : 27 || loss_val : 0.2863 || Accuracy: 0.9714[0m
[Train|TRAIN] 2019-07-12 16:08:32,231 > [37mEpoch 28 | Loss 0.5948[0m
[Train|VAL] 2019-07-12 16:08:32,240 > [37mepoch : 28 || loss_val : 0.2653 || Accuracy: 0.9714[0m
[Train|TRAIN] 2019-07-12 16:08:32,251 > [37mEpoch 29 | Loss 0.4615[0m
[Train|VAL] 2019-07-12 16:08:32,260 > [37mepoch : 29 || loss_val : 0.2416 || Accuracy: 0.9643[0m
[Train|TRAIN] 2019-07-12 16:08:32,272 > [37mEpoch 30 | Loss 0.5613[0m
[Train|VAL] 2019-07-12 16:08:32,280 > [37mepoch : 30 || loss_val : 0.2171 || Accuracy: 0.9714[0m
[Train|TRAIN] 2019-07-12 16:08:32,292 > [37mEpoch 31 | Loss 0.3875[0m
[Train|VAL] 2019-07-12 16:08:32,300 > [37mepoch : 31 || loss_val : 0.2011 || Accuracy: 0.9714[0m
[Train|TRAIN] 2019-07-12 16:08:32,311 > [37mEpoch 32 | Loss 0.4044[0m
[Train|VAL] 2019-07-12 16:08:32,319 > [37mepoch : 32 || loss_val : 0.1881 || Accuracy: 0.9786[0m
[Train|TRAIN] 2019-07-12 16:08:32,331 > [37mEpoch 33 | Loss 0.3805[0m
[Train|VAL] 2019-07-12 16:08:32,339 > [37mepoch : 33 || loss_val : 0.1704 || Accuracy: 0.9857[0m
[Train|TRAIN] 2019-07-12 16:08:32,351 > [37mEpoch 34 | Loss 0.5372[0m
[Train|VAL] 2019-07-12 16:08:32,359 > [37mepoch : 34 || loss_val : 0.1506 || Accuracy: 0.9929[0m
[Train|TRAIN] 2019-07-12 16:08:32,370 > [37mEpoch 35 | Loss 0.4363[0m
[Train|VAL] 2019-07-12 16:08:32,378 > [37mepoch : 35 || loss_val : 0.1365 || Accuracy: 0.9929[0m
[Train|TRAIN] 2019-07-12 16:08:32,389 > [37mEpoch 36 | Loss 0.3306[0m
[Train|VAL] 2019-07-12 16:08:32,398 > [37mepoch : 36 || loss_val : 0.1290 || Accuracy: 0.9857[0m
[Train|TRAIN] 2019-07-12 16:08:32,409 > [37mEpoch 37 | Loss 0.3534[0m
[Train|VAL] 2019-07-12 16:08:32,417 > [37mepoch : 37 || loss_val : 0.1268 || Accuracy: 0.9786[0m
[Train|TRAIN] 2019-07-12 16:08:32,429 > [37mEpoch 38 | Loss 0.5472[0m
[Train|VAL] 2019-07-12 16:08:32,437 > [37mepoch : 38 || loss_val : 0.1230 || Accuracy: 0.9786[0m
[Train|TRAIN] 2019-07-12 16:08:32,449 > [37mEpoch 39 | Loss 0.2741[0m
[Train|VAL] 2019-07-12 16:08:32,457 > [37mepoch : 39 || loss_val : 0.1161 || Accuracy: 0.9857[0m
[Train|TRAIN] 2019-07-12 16:08:32,468 > [37mEpoch 40 | Loss 0.3436[0m
[Train|VAL] 2019-07-12 16:08:32,476 > [37mepoch : 40 || loss_val : 0.1068 || Accuracy: 0.9857[0m
[Train|TRAIN] 2019-07-12 16:08:32,493 > [37mEpoch 41 | Loss 0.3941[0m
[Train|VAL] 2019-07-12 16:08:32,502 > [37mepoch : 41 || loss_val : 0.0949 || Accuracy: 0.9929[0m
[Train|TRAIN] 2019-07-12 16:08:32,513 > [37mEpoch 42 | Loss 0.3959[0m
[Train|VAL] 2019-07-12 16:08:32,521 > [37mepoch : 42 || loss_val : 0.0852 || Accuracy: 0.9929[0m
[Train|TRAIN] 2019-07-12 16:08:32,532 > [37mEpoch 43 | Loss 0.3235[0m
[Train|VAL] 2019-07-12 16:08:32,541 > [37mepoch : 43 || loss_val : 0.0777 || Accuracy: 0.9929[0m
[Train|TRAIN] 2019-07-12 16:08:32,552 > [37mEpoch 44 | Loss 0.2632[0m
[Train|VAL] 2019-07-12 16:08:32,560 > [37mepoch : 44 || loss_val : 0.0724 || Accuracy: 0.9929[0m
[Train|TRAIN] 2019-07-12 16:08:32,572 > [37mEpoch 45 | Loss 0.2872[0m
[Train|VAL] 2019-07-12 16:08:32,580 > [37mepoch : 45 || loss_val : 0.0677 || Accuracy: 1.0000[0m
[Train|TRAIN] 2019-07-12 16:08:32,591 > [37mEpoch 46 | Loss 0.2189[0m
[Train|VAL] 2019-07-12 16:08:32,599 > [37mepoch : 46 || loss_val : 0.0635 || Accuracy: 1.0000[0m
[Train|TRAIN] 2019-07-12 16:08:32,611 > [37mEpoch 47 | Loss 0.3038[0m
[Train|VAL] 2019-07-12 16:08:32,619 > [37mepoch : 47 || loss_val : 0.0587 || Accuracy: 1.0000[0m
[Train|TRAIN] 2019-07-12 16:08:32,631 > [37mEpoch 48 | Loss 0.2343[0m
[Train|VAL] 2019-07-12 16:08:32,639 > [37mepoch : 48 || loss_val : 0.0545 || Accuracy: 1.0000[0m
[Train|TRAIN] 2019-07-12 16:08:32,650 > [37mEpoch 49 | Loss 0.2819[0m
[Train|VAL] 2019-07-12 16:08:32,658 > [37mepoch : 49 || loss_val : 0.0512 || Accuracy: 1.0000[0m
[Train|INFO] 2019-07-12 16:08:32,658 > [37mOptimization Finished![0m
[Train|INFO] 2019-07-12 16:08:32,658 > [37mTotal time elapsed: 1.2772s[0m
[Train|TEST] 2019-07-12 16:08:32,666 > [37mFinal Accuracy is = 0.7810192023633677[0m
[Train|INFO] 2019-07-12 16:08:32,666 > [37mDone![0m
[Train|ERROR] 2019-07-12 16:16:48,855 > [31mTraceback (most recent call last):
  File "/home/jiyoungpark/gcn_test/pygeo/net.py", line 68, in run_network
    use_package = use_package).to(device)
  File "/home/jiyoungpark/gcn_test/pygeo/models/GCNmodel.py", line 30, in __init__
    self.conv1 = GCN_lib(in_features, dim_hidden, bias = bias)
  File "/home/jiyoungpark/anaconda3/envs/gcn/lib/python3.6/site-packages/torch/nn/modules/module.py", line 565, in __setattr__
    "cannot assign module before Module.__init__() call")
AttributeError: cannot assign module before Module.__init__() call
[0m
[Val|INFO] 2019-07-12 22:27:55,642 > [37mRead Success![0m
[Val|TRAIN] 2019-07-12 22:27:56,231 > [37mEpoch 0 | Loss 1.9708[0m
[Val|VAL] 2019-07-12 22:27:56,278 > [37mepoch : 0 || loss_val : 1.8740 || Accuracy: 0.3000[0m
[Val|TRAIN] 2019-07-12 22:27:56,315 > [37mEpoch 1 | Loss 1.8683[0m
[Val|VAL] 2019-07-12 22:27:56,347 > [37mepoch : 1 || loss_val : 1.7839 || Accuracy: 0.4786[0m
[Val|TRAIN] 2019-07-12 22:27:56,384 > [37mEpoch 2 | Loss 1.8131[0m
[Val|VAL] 2019-07-12 22:27:56,414 > [37mepoch : 2 || loss_val : 1.6905 || Accuracy: 0.6429[0m
[Val|TRAIN] 2019-07-12 22:27:56,448 > [37mEpoch 3 | Loss 1.6819[0m
[Val|VAL] 2019-07-12 22:27:56,477 > [37mepoch : 3 || loss_val : 1.5876 || Accuracy: 0.7214[0m
[Val|TRAIN] 2019-07-12 22:27:56,510 > [37mEpoch 4 | Loss 1.6338[0m
[Val|VAL] 2019-07-12 22:27:56,540 > [37mepoch : 4 || loss_val : 1.4781 || Accuracy: 0.8000[0m
[Val|TRAIN] 2019-07-12 22:27:56,577 > [37mEpoch 5 | Loss 1.5069[0m
[Val|VAL] 2019-07-12 22:27:56,607 > [37mepoch : 5 || loss_val : 1.3642 || Accuracy: 0.8357[0m
[Val|TRAIN] 2019-07-12 22:27:56,642 > [37mEpoch 6 | Loss 1.4199[0m
[Val|VAL] 2019-07-12 22:27:56,671 > [37mepoch : 6 || loss_val : 1.2488 || Accuracy: 0.8643[0m
[Val|TRAIN] 2019-07-12 22:27:56,706 > [37mEpoch 7 | Loss 1.2781[0m
[Val|VAL] 2019-07-12 22:27:56,734 > [37mepoch : 7 || loss_val : 1.1339 || Accuracy: 0.8857[0m
[Val|TRAIN] 2019-07-12 22:27:56,769 > [37mEpoch 8 | Loss 1.1542[0m
[Val|VAL] 2019-07-12 22:27:56,797 > [37mepoch : 8 || loss_val : 1.0200 || Accuracy: 0.9143[0m
[Val|TRAIN] 2019-07-12 22:27:56,831 > [37mEpoch 9 | Loss 1.0354[0m
[Val|VAL] 2019-07-12 22:27:56,861 > [37mepoch : 9 || loss_val : 0.9089 || Accuracy: 0.9500[0m
[Val|TRAIN] 2019-07-12 22:27:56,894 > [37mEpoch 10 | Loss 0.9801[0m
[Val|VAL] 2019-07-12 22:27:56,971 > [37mepoch : 10 || loss_val : 0.8010 || Accuracy: 0.9500[0m
[Val|TRAIN] 2019-07-12 22:27:57,006 > [37mEpoch 11 | Loss 0.8740[0m
[Val|VAL] 2019-07-12 22:27:57,036 > [37mepoch : 11 || loss_val : 0.6990 || Accuracy: 0.9643[0m
[Val|TRAIN] 2019-07-12 22:27:57,070 > [37mEpoch 12 | Loss 0.7546[0m
[Val|VAL] 2019-07-12 22:27:57,098 > [37mepoch : 12 || loss_val : 0.6049 || Accuracy: 0.9786[0m
[Val|TRAIN] 2019-07-12 22:27:57,132 > [37mEpoch 13 | Loss 0.6752[0m
[Val|VAL] 2019-07-12 22:27:57,161 > [37mepoch : 13 || loss_val : 0.5203 || Accuracy: 0.9786[0m
[Val|TRAIN] 2019-07-12 22:27:57,195 > [37mEpoch 14 | Loss 0.6001[0m
[Val|VAL] 2019-07-12 22:27:57,224 > [37mepoch : 14 || loss_val : 0.4455 || Accuracy: 0.9786[0m
[Val|TRAIN] 2019-07-12 22:27:57,259 > [37mEpoch 15 | Loss 0.5621[0m
[Val|VAL] 2019-07-12 22:27:57,288 > [37mepoch : 15 || loss_val : 0.3808 || Accuracy: 0.9786[0m
[Val|TRAIN] 2019-07-12 22:27:57,322 > [37mEpoch 16 | Loss 0.5271[0m
[Val|VAL] 2019-07-12 22:27:57,350 > [37mepoch : 16 || loss_val : 0.3248 || Accuracy: 0.9786[0m
[Val|TRAIN] 2019-07-12 22:27:57,384 > [37mEpoch 17 | Loss 0.4195[0m
[Val|VAL] 2019-07-12 22:27:57,414 > [37mepoch : 17 || loss_val : 0.2765 || Accuracy: 0.9857[0m
[Val|TRAIN] 2019-07-12 22:27:57,447 > [37mEpoch 18 | Loss 0.3801[0m
[Val|VAL] 2019-07-12 22:27:57,476 > [37mepoch : 18 || loss_val : 0.2352 || Accuracy: 0.9929[0m
[Val|TRAIN] 2019-07-12 22:27:57,511 > [37mEpoch 19 | Loss 0.3158[0m
[Val|VAL] 2019-07-12 22:27:57,539 > [37mepoch : 19 || loss_val : 0.2004 || Accuracy: 0.9929[0m
[Val|TRAIN] 2019-07-12 22:27:57,573 > [37mEpoch 20 | Loss 0.3113[0m
[Val|VAL] 2019-07-12 22:27:57,603 > [37mepoch : 20 || loss_val : 0.1712 || Accuracy: 0.9929[0m
[Val|TRAIN] 2019-07-12 22:27:57,638 > [37mEpoch 21 | Loss 0.2543[0m
[Val|VAL] 2019-07-12 22:27:57,666 > [37mepoch : 21 || loss_val : 0.1468 || Accuracy: 0.9929[0m
[Val|TRAIN] 2019-07-12 22:27:57,701 > [37mEpoch 22 | Loss 0.2139[0m
[Val|VAL] 2019-07-12 22:27:57,730 > [37mepoch : 22 || loss_val : 0.1268 || Accuracy: 0.9929[0m
[Val|TRAIN] 2019-07-12 22:27:57,763 > [37mEpoch 23 | Loss 0.2147[0m
[Val|VAL] 2019-07-12 22:27:57,793 > [37mepoch : 23 || loss_val : 0.1099 || Accuracy: 1.0000[0m
[Val|TRAIN] 2019-07-12 22:27:57,827 > [37mEpoch 24 | Loss 0.1922[0m
[Val|VAL] 2019-07-12 22:27:57,857 > [37mepoch : 24 || loss_val : 0.0954 || Accuracy: 1.0000[0m
[Val|INFO] 2019-07-12 22:27:57,858 > [37mOptimization Finished![0m
[Val|INFO] 2019-07-12 22:27:57,858 > [37mTotal time elapsed: 2.2154s[0m
[Val|TEST] 2019-07-12 22:27:57,885 > [37mFinal Accuracy is = 0.8245937961595273[0m
[Val|INFO] 2019-07-12 22:27:57,885 > [37mDone![0m
